\BOOKMARK [1][-]{section.0.1}{\376\377\000P\000r\000\351\000r\000e\000q\000u\000i\000s}{}% 1
\BOOKMARK [0][-]{chapter.1}{\376\377\000C\000a\000d\000r\000e}{}% 2
\BOOKMARK [1][-]{section.1.1}{\376\377\000O\000b\000j\000e\000t\000s}{chapter.1}% 3
\BOOKMARK [1][-]{section.1.2}{\376\377\000P\000o\000u\000r\000q\000u\000o\000i\000\040\000o\000n\000\040\000c\000h\000e\000r\000c\000h\000e\000\040\000d\000e\000s\000\040\000e\000x\000t\000e\000n\000s\000i\000o\000n\000s\000\040\000m\000o\000n\000o\000g\000\350\000n\000e\000s}{chapter.1}% 4
\BOOKMARK [0][-]{chapter.2}{\376\377\000D\000e\000s\000\040\000c\000a\000s\000\040\000o\000\371\000\040\000o\000n\000\040\000s\000a\000i\000t\000\040\000q\000u\000e\000\040\000c\000'\000e\000s\000t\000\040\000m\000o\000n\000o\000g\000\350\000n\000e}{}% 5
\BOOKMARK [1][-]{section.2.1}{\376\377\000L\000e\000\040\000c\000a\000s\000\040\000c\000a\000n\000o\000n\000i\000q\000u\000e}{chapter.2}% 6
\BOOKMARK [1][-]{section.2.2}{\376\377\000C\000a\000s\000\040\000\040\000s\000\351\000p\000a\000r\000a\000b\000l\000e\000\040\000a\000v\000e\000c\000\040\000L\000=\000K\000[\000]}{chapter.2}% 7
\BOOKMARK [2][-]{subsection.2.2.1}{\376\377\000R\000e\000m\000a\000r\000q\000u\000e\000s}{section.2.2}% 8
\BOOKMARK [1][-]{section.2.3}{\376\377\000C\000a\000s\000\040\000n\000o\000n\000\040\000r\000a\000m\000i\000f\000i\000\351\000\040\000c\000o\000m\000p\000l\000e\000t}{chapter.2}% 9
\BOOKMARK [1][-]{section.2.4}{\376\377\000C\000a\000s\000\040\000p\000-\000a\000d\000i\000q\000u\000e}{chapter.2}% 10
\BOOKMARK [1][-]{section.2.5}{\376\377\000C\000a\000s\000\040\000o\000\371\000\040\000k\000L\000i\000\040\000s\000\351\000p\000a\000r\000a\000b\000l\000e\000\040\000s\000u\000r\000\040\000k\000K}{chapter.2}% 11
\BOOKMARK [2][-]{subsection.2.5.1}{\376\377\000O\000L\000i\000/\000m\000K\000O\000L\000i\000\040\000e\000s\000t\000\040\000m\000o\000n\000o\000g\000\350\000n\000e\000\040\000s\000u\000r\000\040\000k\000K}{section.2.5}% 12
\BOOKMARK [2][-]{subsection.2.5.2}{\376\377\000S\000e\000\040\000r\000a\000m\000e\000n\000e\000r\000\040\000a\000u\000\040\000c\000a\000s\000\040\000p\000a\000s\000\040\000l\000o\000c\000a\000l}{section.2.5}% 13
\BOOKMARK [1][-]{section.2.6}{\376\377\000C\000a\000s\000\040\000m\000o\000d\000\351\000r\000\351\000m\000e\000n\000t\000\040\000r\000a\000m\000i\000f\000i\000\351\000\040\000g\000\351\000n\000\351\000r\000a\000l}{chapter.2}% 14
\BOOKMARK [1][-]{section.2.7}{\376\377\000C\000a\000s\000\040\000m\000o\000d\000\351\000r\000\351\000m\000e\000n\000t\000\040\000r\000a\000m\000i\000f\000i\000\351\000\040\000c\000o\000m\000p\000l\000e\000t}{chapter.2}% 15
\BOOKMARK [1][-]{section.2.8}{\376\377\000C\000a\000s\000\040\000t\000o\000t\000a\000l\000e\000m\000e\000n\000t\000\040\000m\000o\000d\000\351\000r\000\351\000m\000e\000n\000t\000\040\000r\000a\000m\000i\000f\000i\000\351}{chapter.2}% 16
\BOOKMARK [2][-]{subsection.2.8.1}{\376\377\000E\000n\000g\000e\000n\000d\000r\000\351\000\040\000p\000a\000r\000\040\000l\000'\000u\000n\000i\000f\000o\000r\000m\000i\000s\000a\000n\000t\000e}{section.2.8}% 17
\BOOKMARK [1][-]{section.2.9}{\376\377\000C\000a\000s\000\040\000t\000o\000t\000a\000l\000e\000m\000e\000n\000t\000\040\000m\000o\000d\000\351\000r\000\351\000m\000e\000n\000t\000\040\000r\000a\000m\000i\000f\000i\000\351\000\040\000c\000o\000m\000p\000l\000e\000t}{chapter.2}% 18
\BOOKMARK [2][-]{subsection.2.9.1}{\376\377\000X\000e\000-\000K}{section.2.9}% 19
\BOOKMARK [1][-]{section.2.10}{\376\377\000C\000a\000s\000\040\000g\000a\000l\000o\000i\000s\000i\000e\000n\000\040\000e\000t\000\040\000c\000o\000r\000p\000s\000\040\000l\000o\000c\000a\000u\000x}{chapter.2}% 20
\BOOKMARK [1][-]{section.2.11}{\376\377\000C\000o\000r\000p\000s\000\040\000d\000e\000\040\000f\000o\000n\000c\000t\000i\000o\000n\000s}{chapter.2}% 21
