\BOOKMARK [1][-]{section.1}{\376\377\000P\000r\000\351\000l\000i\000m\000i\000n\000a\000i\000r\000e\000s}{}% 1
\BOOKMARK [2][-]{subsection.1.1}{\376\377\000E\000s\000p\000a\000c\000e\000s\000\040\000s\000\351\000q\000u\000e\000n\000t\000i\000e\000l\000s}{section.1}% 2
\BOOKMARK [2][-]{subsection.1.2}{\376\377\000P\000e\000r\000f\000e\000c\000t\000i\000o\000n\000s}{section.1}% 3
\BOOKMARK [3][-]{subsubsection.1.2.1}{\376\377\000D\000e\000s\000c\000r\000i\000p\000t\000i\000o\000n\000\040\000u\000s\000u\000e\000l\000l\000e}{subsection.1.2}% 4
\BOOKMARK [2][-]{subsection.1.3}{\376\377\000A\000n\000n\000e\000a\000u\000x\000\040\000d\000e\000\040\000v\000a\000l\000u\000a\000t\000i\000o\000n\000s}{section.1}% 5
\BOOKMARK [1][-]{section.2}{\376\377\000C\000o\000r\000p\000s\000\040\000p\000e\000r\000f\000e\000c\000t\000o\000i\000d\000e}{}% 6
\BOOKMARK [1][-]{section.3}{\376\377\000T\000i\000l\000t}{}% 7
\BOOKMARK [2][-]{subsection.3.1}{\376\377\000E\000\040\000e\000s\000t\000\040\000p\000e\000r\000f\000e\000c\000t\000o\000i\000d\000e\000.}{section.3}% 8
\BOOKMARK [2][-]{subsection.3.2}{\376\377\000\311\000t\000u\000d\000e\000\040\000d\000e\000\040\000O\000E}{section.3}% 9
\BOOKMARK [2][-]{subsection.3.3}{\376\377\000V\000a\000l\000e\000u\000r\000\040\000a\000b\000s\000o\000l\000u\000e}{section.3}% 10
\BOOKMARK [3][-]{subsubsection.3.3.1}{\376\377\000p\000-\000d\000i\000v\000i\000s\000i\000b\000i\000l\000i\000t\000\351\000\040\000\040\000r\000a\000m\000i\000f\000i\000c\000a\000t\000i\000o\000n\000\040\000s\000a\000u\000v\000a\000g\000e}{subsection.3.3}% 11
\BOOKMARK [3][-]{subsubsection.3.3.2}{\376\377\000P\000l\000u\000s\000\040\000s\000u\000r\000\040\000l\000a\000\040\000r\000a\000m\000i\000f\000i\000c\000a\000t\000i\000o\000n\000\040\000s\000a\000u\000v\000a\000g\000e}{subsection.3.3}% 12
\BOOKMARK [3][-]{subsubsection.3.3.3}{\376\377\000T\000o\000p\000o\000l\000o\000g\000i\000e\000\040\000s\000u\000r\000\040\000l\000e\000\040\000T\000i\000l\000t\000\040\000\050\000c\000o\000m\000p\000l\000\351\000t\000u\000d\000e\000\051}{subsection.3.3}% 13
\BOOKMARK [1][-]{section.4}{\376\377\000T\000h\000\351\000o\000r\000\350\000m\000e\000\040\000d\000e\000\040\000p\000r\000e\000s\000q\000u\000e\000-\000p\000u\000r\000e\000t\000\351}{}% 14
\BOOKMARK [2][-]{subsection.4.1}{\376\377\000U\000n\000t\000i\000l\000t}{section.4}% 15
\BOOKMARK [3][-]{subsubsection.4.1.1}{\376\377\000E\0002\000m\000u\000-\000:\0006\000m\000u\000p\000l\000u\000s\0001\000m\000u\000A\000\050\000O\000E\000\051\000O\000E}{subsection.4.1}% 16
\BOOKMARK [3][-]{subsubsection.4.1.2}{\376\377\000A\000p\000p\000l\000i\000c\000a\000t\000i\000o\000n}{subsection.4.1}% 17
\BOOKMARK [3][-]{subsubsection.4.1.3}{\376\377\000F\000\040\000e\000s\000t\000\040\000p\000e\000r\000f\000e\000c\000t\000o\000i\000d\000e}{subsection.4.1}% 18
\BOOKMARK [3][-]{subsubsection.4.1.4}{\376\377\000\050\000\137\000\051\000=\000I\000d\000\040\000e\000t\000\040\000\050\000\137\000\051\000=\000I\000d}{subsection.4.1}% 19
\BOOKMARK [2][-]{subsection.4.2}{\376\377\000C\000E\000=\000C\000E}{section.4}% 20
\BOOKMARK [2][-]{subsection.4.3}{\376\377\000G\000E\000G\000E}{section.4}% 21
\BOOKMARK [2][-]{subsection.4.4}{\376\377\000P\000r\000e\000s\000q\000u\000e\000-\000p\000u\000r\000e\000t\000\351}{section.4}% 22
