\BOOKMARK [0][-]{chapter.1}{\376\377\000P\000r\000o\000d\000u\000i\000t\000s\000\040\000f\000i\000b\000r\000\351\000s\000\040\000e\000t\000\040\000f\000o\000n\000c\000t\000e\000u\000r\000\040\000d\000e\000\040\000p\000o\000i\000n\000t\000s}{}% 1
\BOOKMARK [1][-]{section.1.1}{\376\377\000R\000e\000m\000a\000r\000q\000u\000e\000s\000\040\000s\000u\000r\000\040\000l\000e\000\040\000l\000e\000m\000m\000e\000\040\000d\000e\000\040\000Y\000o\000n\000e\000d\000a}{chapter.1}% 2
\BOOKMARK [1][-]{section.1.2}{\376\377\000P\000o\000i\000n\000t\000\040\000d\000e\000\040\000v\000u\000e\000\040\000d\000u\000\040\000f\000o\000n\000c\000t\000e\000u\000r\000\040\000d\000e\000\040\000p\000o\000i\000n\000t}{chapter.1}% 3
\BOOKMARK [1][-]{section.1.3}{\376\377\000P\000r\000o\000p\000r\000i\000\351\000t\000\351\000\040\000u\000n\000i\000v\000e\000r\000s\000e\000l\000l\000e\000\040\000e\000t\000\040\000c\000a\000s\000\040\000k\000-\000s\000c\000h\000\351\000m\000a}{chapter.1}% 4
\BOOKMARK [2][-]{subsection.1.3.1}{\376\377\000\311\000t\000u\000d\000e\000\040\000d\000e\000\040\000l\000a\000\040\000d\000\351\000f\000i\000n\000i\000t\000i\000o\000n}{section.1.3}% 5
\BOOKMARK [1][-]{section.1.4}{\376\377\000R\000e\000m\000a\000r\000q\000u\000e\000s\000\040\000s\000u\000r\000\040\000l\000e\000\040\000f\000o\000n\000c\000t\000e\000u\000r\000\040\000d\000e\000\040\000p\000o\000i\000n\000t\000s}{chapter.1}% 6
\BOOKMARK [1][-]{section.1.5}{\376\377\000F\000o\000n\000c\000t\000e\000u\000r\000\040\000d\000e\000\040\000p\000o\000i\000n\000t\000s}{chapter.1}% 7
\BOOKMARK [1][-]{section.1.6}{\376\377\000C\000o\000n\000s\000t\000r\000u\000c\000t\000i\000o\000n}{chapter.1}% 8
\BOOKMARK [2][-]{subsection.1.6.1}{\376\377\000C\000a\000s\000\040\000a\000f\000f\000i\000n\000e}{section.1.6}% 9
\BOOKMARK [2][-]{subsection.1.6.2}{}{section.1.6}% 10
\BOOKMARK [0][-]{chapter.2}{\376\377\000P\000r\000o\000d\000u\000i\000t\000s\000\040\000t\000e\000n\000s\000o\000r\000i\000e\000l\000s}{}% 11
\BOOKMARK [1][-]{section.2.1}{\376\377\000C\000o\000m\000m\000e\000n\000t\000a\000i\000r\000e\000\040\000s\000u\000r\000\040\000l\000e\000\040\000p\000r\000o\000d\000u\000i\000t\000\040\000d\000'\000a\000l\000g\000\350\000b\000r\000e\000\040\000e\000t\000\040\000d\000e\000\040\000m\000o\000d\000u\000l\000e\000s}{chapter.2}% 12
\BOOKMARK [1][-]{section.2.2}{\376\377\000Q\000u\000a\000n\000d\000\040\000e\000s\000t\000-\000c\000e\000\040\000q\000u\000e\000\040\000m\000n\000=\000\040\0000\000?}{chapter.2}% 13
\BOOKMARK [1][-]{section.2.3}{\376\377\000C\000a\000s\000\040\000d\000e\000s\000\040\000p\000o\000l\000y\000n\000\364\000m\000e\000s}{chapter.2}% 14
\BOOKMARK [2][-]{subsection.2.3.1}{\376\377\000P\000r\000o\000d\000u\000i\000t\000s\000\040\000d\000'\000a\000n\000n\000e\000a\000u\000x\000\040\000d\000e\000\040\000p\000o\000l\000y\000n\000\364\000m\000e\000s}{section.2.3}% 15
\BOOKMARK [2][-]{subsection.2.3.2}{\376\377\000I\000n\000j\000e\000c\000t\000i\000v\000i\000t\000\351}{section.2.3}% 16
\BOOKMARK [0][-]{chapter.3}{\376\377\000S\000u\000r\000\040\000l\000e\000s\000\040\000-\000v\000a\000r\000i\000\351\000t\000\351\000s}{}% 17
\BOOKMARK [1][-]{section.3.1}{\376\377\000C\000o\000n\000s\000t\000r\000u\000c\000t\000i\000o\000n}{chapter.3}% 18
\BOOKMARK [1][-]{section.3.2}{\376\377\000A\000d\000a\000p\000t\000e\000r\000\040\000l\000e\000s\000\040\000d\000\351\000f\000i\000n\000i\000t\000i\000o\000n\000s\000\040\000:\000\040\000l\000a\000\040\000b\000i\000j\000e\000c\000t\000i\000o\000n\000\040\000e\000n\000s\000e\000m\000b\000l\000i\000s\000t\000e}{chapter.3}% 19
\BOOKMARK [1][-]{section.3.3}{\376\377\000T\000o\000p\000o\000l\000o\000g\000i\000e\000\040\000:\000\040\000c\000a\000s\000\040\000q\000u\000a\000s\000i\000-\000p\000r\000o\000j\000e\000c\000t\000i\000f}{chapter.3}% 20
\BOOKMARK [1][-]{section.3.4}{\376\377\000T\000o\000p\000o\000l\000o\000g\000i\000e\000\040\000:\000\040\000c\000a\000s\000\040\000g\000\351\000n\000\351\000r\000a\000l}{chapter.3}% 21
\BOOKMARK [1][-]{section.3.5}{\376\377\000F\000a\000i\000s\000c\000e\000a\000u}{chapter.3}% 22
