\BOOKMARK [0][-]{chapter.1}{\376\377\000R\000e\000m\000a\000r\000q\000u\000e\000s\000\040\000g\000\351\000n\000\351\000r\000a\000l\000e\000s}{}% 1
\BOOKMARK [1][-]{section.1.1}{\376\377\000V\000a\000r\000i\000\351\000t\000\351\000s\000\040\000v\000e\000r\000s\000\040\000s\000c\000h\000\351\000m\000a\000s}{chapter.1}% 2
\BOOKMARK [2][-]{subsection.1.1.1}{\376\377\000F\000o\000n\000c\000t\000i\000o\000n\000s\000\040\000v\000s\000\040\000s\000e\000c\000t\000i\000o\000n\000s}{section.1.1}% 3
\BOOKMARK [2][-]{subsection.1.1.2}{\376\377\000A\000m\000b\000i\000g\000u\000i\000t\000\351\000\040\000d\000u\000\040\000s\000u\000p\000p\000o\000r\000t}{section.1.1}% 4
\BOOKMARK [0][-]{chapter.2}{\376\377\000C\000i\000n\000q\000u\000i\000\350\000m\000e\000\040\000p\000o\000i\000n\000t\000\040\000:\000\040\000S\000\351\000p\000a\000r\000a\000t\000i\000o\000n}{}% 5
\BOOKMARK [1][-]{section.2.1}{\376\377\000P\000e\000t\000i\000t\000\040\000l\000e\000m\000m\000e}{chapter.2}% 6
\BOOKMARK [0][-]{chapter.3}{\376\377\000Q\000u\000a\000t\000r\000i\000\350\000m\000e\000\040\000p\000o\000i\000n\000t\000\040\000:\000\040\000p\000r\000o\000d\000u\000i\000t\000s\000\040\000f\000i\000b\000r\000\351\000s\000,\000\040\000c\000a\000s\000\040\000d\000e\000s\000\040\000v\000a\000r\000i\000\351\000t\000\351\000s\000\040\000a\000b\000s\000t\000r\000a\000i\000t\000e\000s}{}% 7
\BOOKMARK [1][-]{section.3.1}{\376\377\000E\000s\000p\000a\000c\000e\000\040\000t\000o\000p\000o\000l\000o\000g\000i\000q\000u\000e\000\040\000s\000o\000u\000s\000\040\000j\000a\000c\000e\000n\000t}{chapter.3}% 8
\BOOKMARK [1][-]{section.3.2}{\376\377\000C\000a\000s\000\040\000a\000f\000f\000i\000n\000e}{chapter.3}% 9
\BOOKMARK [1][-]{section.3.3}{\376\377\000C\000a\000s\000\040\000g\000\351\000n\000\351\000r\000a\000l\000\040\000:\000\040\000p\000o\000i\000n\000t\000s\000\040\000t\000e\000c\000h\000n\000i\000q\000u\000e\000s}{chapter.3}% 10
\BOOKMARK [1][-]{section.3.4}{\376\377\000C\000o\000n\000s\000t\000r\000u\000c\000t\000i\000o\000n\000\040\000g\000\351\000n\000\351\000r\000a\000l\000e}{chapter.3}% 11
\BOOKMARK [0][-]{chapter.4}{\376\377\000T\000r\000o\000i\000s\000i\000\350\000m\000e\000\040\000p\000o\000i\000n\000t\000\040\000:\000\040\000d\000i\000m\000e\000n\000s\000i\000o\000n}{}% 12
\BOOKMARK [1][-]{section.4.1}{\376\377\000L\000e\000s\000\040\000d\000\351\000f\000i\000n\000i\000t\000i\000o\000n\000s}{chapter.4}% 13
\BOOKMARK [2][-]{subsection.4.1.1}{\376\377\000D\000\351\000f\000i\000n\000i\000t\000i\000o\000n\000\040\000t\000o\000p\000o\000l\000o\000g\000i\000q\000u\000e}{section.4.1}% 14
\BOOKMARK [2][-]{subsection.4.1.2}{\376\377\000D\000\351\000f\000i\000n\000i\000t\000i\000o\000n\000\040\000p\000a\000r\000\040\000l\000e\000s\000\040\000c\000o\000r\000p\000s\000\040\000d\000e\000\040\000f\000o\000n\000c\000t\000i\000o\000n\000s}{section.4.1}% 15
\BOOKMARK [1][-]{section.4.2}{\376\377\000H\000y\000p\000e\000r\000s\000u\000r\000f\000a\000c\000e\000s}{chapter.4}% 16
\BOOKMARK [2][-]{subsection.4.2.1}{\376\377\000C\000a\000s\000\040\000a\000f\000f\000i\000n\000e}{section.4.2}% 17
\BOOKMARK [2][-]{subsection.4.2.2}{\376\377\000C\000a\000s\000\040\000i\000n\000t\000\350\000g\000r\000e}{section.4.2}% 18
\BOOKMARK [2][-]{subsection.4.2.3}{\376\377\000N\000o\000m\000b\000r\000e\000\040\000d\000'\000\351\000q\000u\000a\000t\000i\000o\000n\000s\000\040\000d\000'\000u\000n\000\040\000f\000e\000r\000m\000\351}{section.4.2}% 19
\BOOKMARK [2][-]{subsection.4.2.4}{\376\377\000D\000i\000m\000e\000n\000s\000i\000o\000n\000\040\000d\000e\000s\000\040\000f\000i\000b\000r\000e\000s}{section.4.2}% 20
\BOOKMARK [0][-]{chapter.5}{\376\377\000D\000e\000u\000x\000i\000\350\000m\000e\000\040\000p\000o\000i\000n\000t\000\040\000s\000u\000r\000\040\000l\000e\000s\000\040\000c\000o\000u\000r\000s\000\040\000:\000\040\000V\000a\000r\000i\000\351\000t\000\351\000s\000\040\000a\000b\000s\000t\000r\000a\000i\000t\000e\000s\000\040\000\340\000\040\000l\000a\000\040\000W\000e\000i\000l}{}% 21
\BOOKMARK [1][-]{section.5.1}{\376\377\000P\000r\000e\000m\000i\000\350\000r\000e\000s\000\040\000d\000\351\000f\000i\000n\000i\000t\000i\000o\000n\000s}{chapter.5}% 22
\BOOKMARK [1][-]{section.5.2}{\376\377\000R\000e\000c\000o\000l\000l\000e\000m\000e\000n\000t\000\040\000d\000e\000\040\000v\000a\000r\000i\000\351\000t\000\351\000s}{chapter.5}% 23
\BOOKMARK [1][-]{section.5.3}{\376\377\000S\000o\000u\000s\000-\000v\000a\000r\000i\000\351\000t\000\351\000s}{chapter.5}% 24
\BOOKMARK [1][-]{section.5.4}{\376\377\000V\000a\000r\000i\000\351\000t\000\351\000s\000\040\000q\000u\000a\000s\000i\000-\000p\000r\000o\000j\000e\000c\000t\000i\000v\000e\000s\000\040\000a\000b\000s\000t\000r\000a\000i\000t\000e\000s}{chapter.5}% 25
\BOOKMARK [2][-]{subsection.5.4.1}{\376\377\000L\000e\000\040\000f\000a\000i\000s\000c\000e\000a\000u\000\040\000d\000e\000\040\000f\000o\000n\000c\000t\000i\000o\000n\000s\000\040\000r\000\351\000g\000u\000l\000i\000\350\000r\000e\000s\000\040\000s\000u\000r\000\040\000u\000n\000e\000\040\000v\000a\000r\000i\000\351\000t\000\351\000\040\000p\000r\000o\000j\000e\000c\000t\000i\000v\000e}{section.5.4}% 26
\BOOKMARK [0][-]{chapter.6}{\376\377\000P\000o\000i\000n\000t\000\040\000s\000u\000r\000\040\000l\000e\000\040\000c\000h\000a\000p\000i\000t\000r\000e\000\040\000I\000\040\000:\000\040\000V\000a\000r\000i\000\351\000t\000\351\000s\000\040\000a\000l\000g\000\351\000b\000r\000i\000q\000u\000e\000s\000\040\000c\000l\000a\000s\000s\000i\000q\000u\000e\000s}{}% 27
\BOOKMARK [1][-]{section.6.1}{\376\377\000R\000\351\000s\000u\000m\000\351}{chapter.6}% 28
\BOOKMARK [1][-]{section.6.2}{\376\377\000F\000r\000a\000m\000e\000w\000o\000r\000k}{chapter.6}% 29
\BOOKMARK [1][-]{section.6.3}{\376\377\000k\000-\000a\000l\000g\000\350\000b\000r\000e\000s\000\040\000e\000t\000\040\000N\000o\000e\000t\000h\000e\000r}{chapter.6}% 30
\BOOKMARK [1][-]{section.6.4}{\376\377\000N\000u\000l\000l\000s\000t\000e\000l\000l\000e\000n\000s\000a\000t\000z}{chapter.6}% 31
\BOOKMARK [1][-]{section.6.5}{\376\377\000T\000o\000p\000o\000l\000o\000g\000i\000e\000\040\000e\000t\000\040\000i\000r\000r\000\351\000d\000u\000c\000t\000i\000b\000l\000e\000s}{chapter.6}% 32
\BOOKMARK [1][-]{section.6.6}{\376\377\000E\000s\000p\000a\000c\000e\000s\000\040\000p\000r\000o\000j\000e\000c\000t\000i\000f\000s}{chapter.6}% 33
\BOOKMARK [1][-]{section.6.7}{\376\377\000F\000o\000n\000c\000t\000i\000o\000n\000s\000\040\000r\000\351\000g\000u\000l\000i\000\350\000r\000e\000s}{chapter.6}% 34
\BOOKMARK [1][-]{section.6.8}{\376\377\000M\000o\000r\000p\000h\000i\000s\000m\000e\000s\000\040\000d\000e\000\040\000v\000a\000r\000i\000\351\000t\000\351\000s\000\040\000a\000f\000f\000i\000n\000e\000s\000,\000\040\000p\000r\000e\000m\000i\000\350\000r\000e\000\040\000d\000\351\000f}{chapter.6}% 35
