\BOOKMARK [0][-]{chapter.1}{\376\377\000C\000a\000s\000\040\000d\000e\000s\000\040\000c\000o\000r\000p\000s\000\040\000l\000o\000c\000a\000u\000x}{}% 1
\BOOKMARK [1][-]{section.1.1}{\376\377\000M\000e\000s\000u\000r\000e\000\040\000d\000e\000\040\000H\000a\000a\000r\000,\000\040\000v\000a\000l\000u\000a\000t\000i\000o\000n\000s\000\040\000d\000i\000s\000c\000r\000\350\000t\000e\000s\000\040\000e\000t\000\040\000m\000o\000d\000u\000l\000e\000s}{chapter.1}% 2
\BOOKMARK [0][-]{chapter.2}{\376\377\000T\000h\000\351\000o\000r\000i\000e\000\040\000d\000e\000\040\000l\000a\000\040\000m\000e\000s\000u\000r\000e\000\040\000e\000t\000\040\000m\000e\000s\000u\000r\000e\000s\000\040\000d\000e\000\040\000H\000a\000a\000r}{}% 3
\BOOKMARK [1][-]{section.2.1}{\376\377\000R\000\351\000s\000u\000m\000\351\000\040\000a\000p\000r\000\350\000s\000\040\000l\000e\000c\000t\000u\000r\000e\000s}{chapter.2}% 4
\BOOKMARK [1][-]{section.2.2}{\376\377\000M\000e\000s\000u\000r\000e\000s\000\040\000d\000e\000\040\000J\000o\000r\000d\000a\000n\000\040\000e\000t\000\040\000i\000n\000t\000\351\000g\000r\000a\000l\000e\000\040\000d\000e\000\040\000R\000i\000e\000m\000a\000n\000n}{chapter.2}% 5
\BOOKMARK [2][-]{subsection.2.2.1}{\376\377\000E\000x\000e\000m\000p\000l\000e\000s}{section.2.2}% 6
\BOOKMARK [2][-]{subsection.2.2.2}{\376\377\000C\000r\000i\000t\000\350\000r\000e}{section.2.2}% 7
\BOOKMARK [2][-]{subsection.2.2.3}{\376\377\000L\000i\000e\000n\000\040\000a\000v\000e\000c\000\040\000l\000'\000i\000n\000t\000\351\000g\000r\000a\000l\000e\000\040\000d\000e\000\040\000R\000i\000e\000m\000a\000n\000n}{section.2.2}% 8
\BOOKMARK [2][-]{subsection.2.2.4}{\376\377\000P\000r\000e\000u\000v\000e}{section.2.2}% 9
\BOOKMARK [2][-]{subsection.2.2.5}{\376\377\000U\000n\000i\000c\000i\000t\000\351\000\040\000d\000e\000\040\000l\000'\000i\000n\000t\000\351\000g\000r\000a\000l\000e\000\040\000d\000e\000\040\000R\000i\000e\000m\000a\000n\000n\000\040\000c\000o\000m\000m\000e\000\040\000F\000o\000n\000c\000t\000i\000o\000n\000n\000e\000l\000l\000e}{section.2.2}% 10
\BOOKMARK [1][-]{section.2.3}{\376\377\000M\000e\000s\000u\000r\000e\000\040\000d\000e\000\040\000L\000e\000b\000e\000s\000g\000u\000e\000\040\000s\000u\000r\000\040\000R\000d}{chapter.2}% 11
\BOOKMARK [1][-]{section.2.4}{\376\377\000M\000e\000s\000u\000r\000e\000\040\000d\000e\000\040\000L\000e\000b\000e\000s\000g\000u\000e\000\040\000a\000b\000s\000t\000r\000a\000i\000t\000e}{chapter.2}% 12
\BOOKMARK [2][-]{subsection.2.4.1}{\376\377\000C\000a\000t\000\351\000g\000o\000r\000i\000e\000\040\000d\000e\000s\000\040\000e\000s\000p\000a\000c\000e\000s\000\040\000m\000e\000s\000u\000r\000\351\000s}{section.2.4}% 13
\BOOKMARK [2][-]{subsection.2.4.2}{\376\377\000f\000*\000\040\000e\000t\000\040\000c\000h\000a\000n\000g\000e\000m\000e\000n\000t\000\040\000d\000e\000\040\000v\000a\000r\000i\000a\000b\000l\000e\000!}{section.2.4}% 14
\BOOKMARK [2][-]{subsection.2.4.3}{\376\377\000|\000E}{section.2.4}% 15
\BOOKMARK [2][-]{subsection.2.4.4}{\376\377\000-\000a\000l\000g\000\350\000b\000r\000e\000s\000\040\000f\000i\000n\000i\000e\000s}{section.2.4}% 16
\BOOKMARK [2][-]{subsection.2.4.5}{\376\377\000E\000n\000g\000e\000n\000d\000r\000e\000r\000,\000\040\000\351\000t\000e\000n\000d\000r\000e\000,\000\040\000c\000o\000m\000p\000a\000r\000e\000r\000\040\000d\000e\000s\000\040\000-\000a\000l\000g\000\350\000b\000r\000e\000s}{section.2.4}% 17
\BOOKMARK [2][-]{subsection.2.4.6}{\376\377\000T\000h\000\351\000o\000r\000\350\000m\000e\000\040\000d\000e\000\040\000C\000a\000r\000a\000t\000h\000\351\000o\000d\000o\000r\000y}{section.2.4}% 18
\BOOKMARK [2][-]{subsection.2.4.7}{\376\377\000C\000o\000n\000s\000t\000r\000u\000c\000t\000i\000o\000n\000\040\000d\000e\000\040\000l\000a\000\040\000m\000e\000s\000u\000r\000e\000\040\000d\000e\000\040\000l\000e\000b\000e\000s\000g\000u\000e\000\040\000e\000t\000\040\000l\000e\000s\000\040\000m\000e\000s\000u\000r\000a\000b\000l\000e\000s}{section.2.4}% 19
\BOOKMARK [2][-]{subsection.2.4.8}{\376\377\000I\000n\000t\000\351\000g\000r\000a\000l\000e\000\040\000d\000e\000\040\000L\000e\000b\000e\000s\000g\000u\000e}{section.2.4}% 20
\BOOKMARK [1][-]{section.2.5}{\376\377\000T\000h\000\351\000o\000r\000\350\000m\000e\000\040\000d\000e\000\040\000c\000o\000n\000v\000e\000r\000g\000e\000n\000c\000e\000\040\000\050\000p\000a\000g\000e\000\040\0001\0000\0005\000\051}{chapter.2}% 21
\BOOKMARK [1][-]{section.2.6}{\376\377\000O\000u\000\040\000r\000e\000g\000a\000r\000d\000e\000r}{chapter.2}% 22
\BOOKMARK [1][-]{section.2.7}{\376\377\000F\000o\000r\000m\000e\000s\000\040\000v\000o\000l\000u\000m\000e\000s}{chapter.2}% 23
\BOOKMARK [0][-]{chapter.3}{\376\377\000\340\000\040\000f\000a\000i\000r\000e}{}% 24
\BOOKMARK [1][-]{section.3.1}{\376\377\000M\000e\000s\000u\000r\000e\000s}{chapter.3}% 25
\BOOKMARK [2][-]{subsection.3.1.1}{\376\377\000L\000i\000e\000n\000\040\000m\000e\000s\000u\000r\000e\000\040\000e\000t\000\040\000f\000\040\000m\000e\000s\000u\000r\000a\000b\000l\000e}{section.3.1}% 26
