\BOOKMARK [1][-]{section.0.1}{\376\377\000N\000o\000n\000\040\000r\000a\000m\000i\000f\000i\000\351\000e\000,\000\040\000m\000o\000d\000\351\000r\000\351\000m\000e\000n\000t\000,\000\040\000s\000a\000u\000v\000a\000g\000e\000m\000e\000n\000t\000,\000\040\000t\000o\000t\000a\000l\000e\000m\000e\000n\000t\000\040\000r\000a\000m\000i\000f\000i\000\351}{}% 1
\BOOKMARK [1][-]{section.0.2}{\376\377\000L\000i\000e\000n\000\040\000e\000n\000t\000r\000e\000\040\000l\000i\000b\000e\000r\000t\000\351\000\040\000d\000a\000n\000s\000\040\000k\000K\000,\000k\000L\000\040\000e\000t\000\040\000d\000a\000n\000s\000\040\000L\000/\000K}{}% 2
\BOOKMARK [1][-]{section.0.3}{\376\377\000F\000a\000c\000t\000o\000r\000i\000s\000a\000t\000i\000o\000n\000\040\000d\000e\000\040\000=\000F\000d\000\040\000e\000t\000\040\000e\000.\000f\000=\000d\000F}{}% 3
\BOOKMARK [1][-]{section.0.4}{\376\377\000P\000o\000l\000y\000n\000\364\000m\000e\000s\000\040\000d\000'\000e\000i\000s\000e\000n\000s\000t\000e\000i\000n\000\040\000e\000t\000\040\000e\000x\000t\000e\000n\000s\000i\000o\000n\000s\000\040\000t\000o\000t\000a\000l\000e\000m\000e\000n\000t\000\040\000r\000a\000m\000i\000f\000i\000\351\000e\000s}{}% 4
\BOOKMARK [0][-]{chapter.1}{\376\377\000C\000a\000s\000\040\000c\000o\000m\000p\000l\000e\000t}{}% 5
\BOOKMARK [1][-]{section.1.1}{\376\377\000E\000x\000t\000e\000n\000s\000i\000o\000n\000\040\000t\000o\000t\000a\000l\000e\000m\000e\000n\000t\000\040\000m\000o\000d\000\351\000r\000\351\000m\000e\000n\000t\000\040\000r\000a\000m\000i\000f\000i\000\351\000e}{chapter.1}% 6
\BOOKMARK [1][-]{section.1.2}{\376\377\000T\000r\000o\000u\000v\000e\000r\000\040\000l\000e\000s\000\040\000e\000x\000t\000e\000n\000s\000i\000o\000n\000s\000\040\000t\000o\000t\000a\000l\000e\000m\000e\000n\000t\000\040\000m\000o\000d\000\351\000r\000e\000m\000e\000n\000t\000\040\000r\000a\000m\000i\000f\000i\000\351\000e\000s}{chapter.1}% 7
\BOOKMARK [2][-]{subsection.1.2.1}{\376\377\000U\000n\000i\000c\000i\000t\000\351}{section.1.2}% 8
\BOOKMARK [1][-]{section.1.3}{\376\377\000T\000r\000o\000u\000v\000e\000r\000\040\000l\000e\000s\000\040\000s\000o\000u\000s\000-\000e\000x\000t\000e\000n\000s\000i\000o\000n\000s\000\040\000n\000o\000n\000\040\000r\000a\000m\000i\000f\000i\000\351\000e}{chapter.1}% 9
\BOOKMARK [2][-]{subsection.1.3.1}{\376\377\000E\000x\000i\000s\000t\000e\000n\000c\000e}{section.1.3}% 10
\BOOKMARK [2][-]{subsection.1.3.2}{\376\377\000U\000n\000i\000c\000i\000t\000\351}{section.1.3}% 11
\BOOKMARK [2][-]{subsection.1.3.3}{\376\377\000E\000x\000t\000e\000n\000s\000i\000o\000n\000\040\000n\000o\000n\000\040\000r\000a\000m\000i\000f\000i\000\351\000e\000\040\000m\000a\000x\000i\000m\000a\000l\000e}{section.1.3}% 12
\BOOKMARK [2][-]{subsection.1.3.4}{\376\377\000R\000e\000m\000a\000r\000q\000u\000e\000\040\000s\000u\000r\000\040\000l\000a\000\040\000f\000o\000n\000c\000t\000o\000r\000i\000a\000l\000i\000t\000\351\000\040\000d\000e\000\040\000H\000e\000n\000s\000e\000l}{section.1.3}% 13
\BOOKMARK [1][-]{section.1.4}{\376\377\000E\000x\000t\000e\000n\000s\000i\000o\000n\000s\000\040\000m\000o\000d\000\351\000r\000\351\000m\000e\000n\000t\000\040\000r\000a\000m\000i\000f\000i\000\351\000e\000\040\000m\000a\000x\000i\000m\000a\000l\000e}{chapter.1}% 14
\BOOKMARK [1][-]{section.1.5}{\376\377\000R\000\351\000s\000u\000m\000\351}{chapter.1}% 15
\BOOKMARK [0][-]{chapter.2}{\376\377\000C\000a\000s\000\040\000g\000a\000l\000o\000i\000s\000i\000e\000n}{}% 16
\BOOKMARK [1][-]{section.2.1}{\376\377\000U\000n\000\040\000p\000e\000u\000\040\000d\000e\000\040\000t\000h\000\351\000o\000r\000i\000e\000\040\000d\000e\000\040\000G\000a\000l\000o\000i\000s}{chapter.2}% 17
\BOOKMARK [1][-]{section.2.2}{\376\377\000G\000r\000o\000u\000p\000e\000\040\000d\000e\000\040\000d\000\351\000c\000o\000m\000p\000o\000s\000i\000i\000t\000o\000n\000\040\000e\000t\000\040\000g\000r\000o\000u\000p\000e\000\040\000d\000e\000\040\000G\000a\000l\000o\000i\000s\000\040\000r\000\351\000s\000i\000d\000u\000e\000l}{chapter.2}% 18
\BOOKMARK [2][-]{subsection.2.2.1}{\376\377\0001\000I\000m\000D\000m\000A\000u\000t\000k\000\050\000k\000m\000\051\0001\000\040\000e\000t\000\040\000k\000-\000k\000m\000\040\000e\000s\000t\000\040\000n\000o\000r\000m\000a\000l\000e}{section.2.2}% 19
\BOOKMARK [1][-]{section.2.3}{\376\377\000R\000\351\000s\000u\000m\000\351\000\040\000b\000r\000e\000f}{chapter.2}% 20
\BOOKMARK [1][-]{section.2.4}{\376\377\000R\000\351\000s\000u\000m\000\351\000\040\000t\000r\000\350\000s\000\040\000b\000r\000e\000f}{chapter.2}% 21
\BOOKMARK [1][-]{section.2.5}{\376\377\000G\000r\000o\000u\000p\000e\000s\000\040\000d\000e\000\040\000r\000a\000m\000i\000f\000i\000c\000a\000t\000i\000o\000n}{chapter.2}% 22
\BOOKMARK [2][-]{subsection.2.5.1}{\376\377\000Q\000u\000o\000t\000i\000e\000n\000t\000s\000\040\000d\000e\000s\000\040\000g\000r\000o\000u\000p\000e\000s\000\040\000d\000e\000\040\000r\000a\000m\000i\000f\000i\000c\000a\000t\000i\000o\000n\000s}{section.2.5}% 23
\BOOKMARK [0][-]{chapter.3}{\376\377\000R\000e\000m\000a\000r\000q\000u\000e\000s}{}% 24
\BOOKMARK [1][-]{section.3.1}{\376\377\000L\000e\000\040\000c\000a\000s\000\040\000c\000o\000m\000p\000l\000e\000t\000\040\000o\000\371\000\040\000k\000L\000-\000k\000K\000\040\000e\000s\000t\000\040\000p\000u\000r\000e\000m\000e\000n\000t\000\040\000i\000n\000s\000\351\000p\000a\000r\000a\000b\000l\000e\000.}{chapter.3}% 25
\BOOKMARK [1][-]{section.3.2}{\376\377\000D\000e\000s\000c\000r\000i\000p\000t\000i\000o\000n\000s\000\040\000d\000e\000s\000\040\000G\000i}{chapter.3}% 26
\BOOKMARK [1][-]{section.3.3}{\376\377\000C\000o\000m\000p\000a\000r\000a\000i\000s\000o\000n\000\040\000a\000v\000e\000c\000\040\000l\000e\000s\000\040\000U\000\050\000i\000\051}{chapter.3}% 27
\BOOKMARK [1][-]{section.3.4}{\376\377\000L\000e\000s\000\040\000U\000\050\000i\000\051\000\040\000e\000t\000\040\000k\000K}{chapter.3}% 28
