\BOOKMARK [1][-]{section.0.1}{\376\377\000Y\000o\000n\000e\000d\000a\000\040\000e\000t\000\040\000f\000o\000n\000c\000t\000e\000u\000r\000s\000\040\000r\000e\000p\000r\000\351\000s\000e\000n\000t\000a\000b\000l\000e\000s}{}% 1
\BOOKMARK [0][-]{chapter.1}{\376\377\000O\000b\000j\000e\000t\000s\000\040\000u\000n\000i\000v\000e\000r\000s\000e\000l\000s\000\040\000d\000a\000n\000s\000\040\000l\000e\000s\000\040\000c\000a\000t\000\351\000g\000o\000r\000i\000e\000s\000\040\000a\000b\000\351\000l\000i\000e\000n\000n\000e\000s}{}% 2
\BOOKMARK [1][-]{section.1.1}{\376\377\000R\000e\000m\000a\000r\000q\000u\000e\000s\000\040\000s\000u\000r\000\040\000l\000a\000\040\000v\000a\000r\000i\000a\000n\000c\000e}{chapter.1}% 3
\BOOKMARK [2][-]{subsection.1.1.1}{\376\377\000L\000e\000\040\000p\000l\000o\000n\000g\000e\000m\000e\000n\000t\000\040\000d\000e\000\040\000Y\000o\000n\000e\000d\000a}{section.1.1}% 4
\BOOKMARK [2][-]{subsection.1.1.2}{\376\377\000S\000p\000\351\000c\000i\000a\000l\000i\000s\000a\000t\000i\000o\000n\000,\000\040\000f\000o\000n\000c\000t\000e\000u\000r\000\040\000r\000e\000p\000r\000\351\000s\000e\000n\000t\000a\000b\000l\000e}{section.1.1}% 5
\BOOKMARK [1][-]{section.1.2}{\376\377\000E\000x\000a\000c\000t\000i\000t\000u\000d\000e\000\040\000d\000u\000\040\000f\000o\000n\000c\000t\000e\000u\000r\000\040\000H\000o\000m}{chapter.1}% 6
\BOOKMARK [2][-]{subsection.1.2.1}{\376\377\000P\000r\000e\000u\000v\000e\000s\000\040\000d\000u\000\040\000d\000e\000u\000x\000i\000\350\000m\000e\000\040\000c\000a\000s}{section.1.2}% 7
\BOOKMARK [2][-]{subsection.1.2.2}{\376\377\000P\000r\000e\000u\000v\000e\000s\000\040\000d\000u\000\040\000p\000r\000e\000m\000i\000e\000r\000\040\000c\000a\000s}{section.1.2}% 8
\BOOKMARK [1][-]{section.1.3}{\376\377\000I\000n\000j\000e\000c\000t\000i\000f\000s\000\040\000e\000t\000\040\000p\000r\000o\000j\000e\000c\000t\000i\000f\000s}{chapter.1}% 9
\BOOKMARK [1][-]{section.1.4}{\376\377\000M\000o\000n\000o\000m\000o\000r\000p\000h\000i\000s\000m\000e\000s\000\040\000e\000t\000\040\000\351\000p\000i\000m\000o\000r\000p\000h\000i\000s\000m\000e\000s}{chapter.1}% 10
\BOOKMARK [2][-]{subsection.1.4.1}{\376\377\000D\000\351\000t\000a\000i\000l}{section.1.4}% 11
\BOOKMARK [1][-]{section.1.5}{\376\377\000K\000e\000r\000\040\000e\000t\000\040\000c\000o\000k\000e\000r}{chapter.1}% 12
\BOOKMARK [1][-]{section.1.6}{\376\377\000S\000n\000a\000k\000e\000\040\000L\000e\000m\000m\000a}{chapter.1}% 13
\BOOKMARK [1][-]{section.1.7}{\376\377\000O\000b\000t\000e\000n\000i\000r\000\040\000d\000e\000s\000\040\000f\000l\000\350\000c\000h\000e\000s}{chapter.1}% 14
\BOOKMARK [1][-]{section.1.8}{\376\377\000O\000b\000t\000e\000n\000i\000r\000\040\000d\000e\000s\000\040\000f\000l\000\350\000c\000h\000e\000s\000,\000\040\000v\000e\000r\000s\000i\000o\000n\000\040\0002}{chapter.1}% 15
\BOOKMARK [1][-]{section.1.9}{\376\377\000T\000h\000\351\000o\000r\000\350\000m\000e\000\040\000d\000'\000i\000s\000o\000m\000o\000r\000p\000h\000i\000s\000m\000e}{chapter.1}% 16
\BOOKMARK [0][-]{chapter.2}{\376\377\000C\000a\000t\000\351\000g\000o\000r\000i\000e\000s\000\040\000a\000b\000\351\000l\000i\000e\000n\000n\000e\000s}{}% 17
\BOOKMARK [1][-]{section.2.1}{\376\377\000C\000o\000d\000i\000a\000g\000o\000n\000a\000l\000e\000,\000\040\000p\000r\000o\000d\000u\000i\000t\000\040\000=\000\040\000c\000o\000p\000r\000o\000d\000u\000i\000t}{chapter.2}% 18
\BOOKMARK [1][-]{section.2.2}{\376\377\000C\000a\000t\000\351\000g\000o\000r\000i\000e\000s\000\040\000a\000b\000\351\000l\000i\000e\000n\000n\000e\000s}{chapter.2}% 19
\BOOKMARK [2][-]{subsection.2.2.1}{\376\377\000S\000p\000l\000i\000t\000t\000i\000n\000g}{section.2.2}% 20
\BOOKMARK [1][-]{section.2.3}{\376\377\000F\000o\000n\000c\000t\000e\000u\000r\000s\000\040\000e\000n\000t\000r\000e\000\040\000c\000a\000t\000\351\000g\000o\000r\000i\000e\000s\000\040\000a\000b\000\351\000l\000i\000e\000n\000n\000e\000s}{chapter.2}% 21
\BOOKMARK [1][-]{section.2.4}{\376\377\000F\000o\000n\000c\000t\000e\000u\000r\000s\000\040\000e\000x\000a\000c\000t\000s}{chapter.2}% 22
\BOOKMARK [2][-]{subsection.2.4.1}{\376\377\000S\000u\000i\000t\000e\000s\000\040\000e\000x\000a\000c\000t\000e\000s\000\040\000s\000p\000l\000i\000t\000t\000\351\000e\000s}{section.2.4}% 23
\BOOKMARK [2][-]{subsection.2.4.2}{\376\377\000F\000o\000n\000c\000t\000e\000u\000r\000s\000\040\000e\000x\000a\000c\000t\000s\000\040\000s\000o\000n\000t\000\040\000a\000d\000d\000i\000t\000i\000f\000s\000.}{section.2.4}% 24
\BOOKMARK [1][-]{section.2.5}{\376\377\000I\000n\000j\000e\000c\000t\000i\000f\000s\000\040\000e\000t\000\040\000p\000r\000o\000j\000e\000c\000t\000i\000f\000s}{chapter.2}% 25
\BOOKMARK [2][-]{subsection.2.5.1}{\376\377\000A\000d\000j\000o\000n\000c\000t\000i\000o\000n\000s\000,\000\040\000e\000x\000a\000c\000t\000i\000t\000u\000d\000e\000\040\000e\000t\000\040\000i\000n\000j\000e\000c\000t\000i\000f\000s\000/\000p\000r\000o\000j\000e\000c\000t\000i\000f\000s}{section.2.5}% 26
\BOOKMARK [2][-]{subsection.2.5.2}{\376\377\000D\000a\000n\000s\000\040\000M\000o\000d\000R}{section.2.5}% 27
\BOOKMARK [0][-]{chapter.3}{\376\377\000C\000o\000h\000o\000m\000o\000l\000o\000g\000i\000e}{}% 28
\BOOKMARK [1][-]{section.3.1}{\376\377\000F\000o\000n\000c\000t\000o\000r\000i\000a\000l\000i\000t\000\351\000\040\000e\000t\000\040\000a\000d\000d\000i\000t\000i\000v\000i\000t\000\351\000\040\000d\000e\000\040\000H\000n\000\050\000\137\000\051}{chapter.3}% 29
\BOOKMARK [2][-]{subsection.3.1.1}{\376\377\000C\000o\000n\000s\000t\000r\000u\000c\000t\000i\000o\000n}{section.3.1}% 30
\BOOKMARK [2][-]{subsection.3.1.2}{\376\377\000F\000o\000n\000c\000t\000o\000r\000i\000a\000l\000i\000t\000\351}{section.3.1}% 31
\BOOKMARK [2][-]{subsection.3.1.3}{\376\377\000A\000d\000d\000i\000t\000i\000v\000i\000t\000\351}{section.3.1}% 32
\BOOKMARK [1][-]{section.3.2}{\376\377\000S\000u\000i\000t\000e\000\040\000e\000x\000a\000c\000t\000e\000\040\000l\000o\000n\000g\000u\000e}{chapter.3}% 33
\BOOKMARK [1][-]{section.3.3}{\376\377\000H\000o\000m\000o\000t\000o\000p\000i\000e\000s}{chapter.3}% 34
\BOOKMARK [1][-]{section.3.4}{\376\377\000R\000\351\000s\000o\000l\000u\000t\000i\000o\000n\000s}{chapter.3}% 35
\BOOKMARK [2][-]{subsection.3.4.1}{\376\377\000A\000s\000s\000e\000z\000\040\000d\000'\000i\000n\000j\000e\000c\000t\000i\000f\000s\000\040\000e\000t\000\040\000r\000\351\000s\000o\000l\000u\000t\000i\000o\000n\000s}{section.3.4}% 36
\BOOKMARK [2][-]{subsection.3.4.2}{\376\377\000H\000n\000\050\000A\000\051\000\040\000n\000e\000\040\000d\000\351\000p\000e\000n\000d\000\040\000p\000a\000s\000\040\000d\000e\000\040\000l\000a\000\040\000r\000\351\000s\000o\000l\000u\000t\000i\000o\000n\000.}{section.3.4}% 37
\BOOKMARK [1][-]{section.3.5}{\376\377\000F\000o\000n\000c\000t\000e\000u\000r\000s\000\040\000d\000\351\000r\000i\000v\000\351\000s}{chapter.3}% 38
\BOOKMARK [0][-]{chapter.4}{\376\377\000C\000o\000h\000o\000m\000o\000l\000o\000g\000i\000e\000\040\000d\000e\000s\000\040\000f\000a\000i\000s\000c\000e\000a\000u\000x}{}% 39
\BOOKMARK [1][-]{section.4.1}{\376\377\000S\000h\000\050\000X\000\051\000\040\000e\000s\000t\000\040\000a\000b\000\351\000l\000i\000e\000n\000n\000e\000.}{chapter.4}% 40
\BOOKMARK [1][-]{section.4.2}{\376\377\000R\000\351\000s\000o\000l\000u\000t\000i\000o\000n\000\040\000d\000e\000\040\000G\000o\000d\000e\000m\000o\000n\000t\000\040\0001}{chapter.4}% 41
\BOOKMARK [0][-]{chapter.5}{\376\377\000H\000y\000p\000e\000r\000c\000o\000h\000o\000m\000o\000l\000o\000g\000i\000e}{}% 42
\BOOKMARK [1][-]{section.5.1}{\376\377\000R\000\351\000s\000o\000l\000u\000t\000i\000o\000n\000s\000\040\000d\000e\000\040\000c\000o\000m\000p\000l\000e\000x\000e\000s\000\040\000b\000o\000r\000n\000\351\000s\000\040\000p\000a\000r\000\040\000l\000e\000\040\000b\000a\000s}{chapter.5}% 43
\BOOKMARK [1][-]{section.5.2}{\376\377\000C\000a\000t\000\351\000g\000o\000r\000i\000e\000s\000\040\000d\000\351\000r\000i\000v\000\351\000e\000\040}{chapter.5}% 44
\BOOKMARK [1][-]{section.5.3}{\376\377\000E\000t\000\040\000a\000d\000j\000o\000n\000c\000t\000i\000o\000n\000s\000\040\000d\000a\000n\000s\000\040\000l\000e\000\040\000c\000a\000s\000\040\000d\000e\000s\000\040\000f\000a\000i\000s\000c\000e\000a\000u\000x}{chapter.5}% 45
\BOOKMARK [2][-]{subsection.5.3.1}{\376\377\000C\000a\000d\000r\000e}{section.5.3}% 46
\BOOKMARK [1][-]{section.5.4}{\376\377\000A\000d\000j\000o\000n\000c\000t\000i\000o\000n\000s\000\040\000e\000n\000c\000o\000r\000e\000?}{chapter.5}% 47
\BOOKMARK [1][-]{section.5.5}{\376\377\000H\000y\000p\000e\000r\000c\000o\000h\000o\000m\000o\000l\000o\000g\000i\000e\000\040\000e\000t\000\040\000c\000o\000m\000p\000l\000e\000x\000e\000\040\000t\000o\000t\000a\000l\000.}{chapter.5}% 48
\BOOKMARK [2][-]{subsection.5.5.1}{\376\377\000D\000\351\000f\000i\000n\000i\000t\000i\000o\000n}{section.5.5}% 49
\BOOKMARK [1][-]{section.5.6}{\376\377\000A\000p\000p\000l\000i\000c\000a\000t\000i\000o\000n\000\040\000e\000t\000\040\000r\000\351\000c\000a\000p}{chapter.5}% 50
\BOOKMARK [1][-]{section.5.7}{\376\377\000C\000a\000t\000\351\000g\000o\000r\000i\000e\000\040\000d\000\351\000r\000i\000v\000\351\000e\000s\000\040\000e\000t\000\040\000a\000d\000j\000o\000n\000c\000t\000i\000o\000n\000s}{chapter.5}% 51
\BOOKMARK [1][-]{section.5.8}{\376\377\000M\000a\000y\000e\000r\000-\000V\000i\000e\000t\000o\000r\000i\000s}{chapter.5}% 52
