\BOOKMARK [1][-]{section.0.1}{\376\377\000H\000o\000m\000o\000l\000o\000g\000i\000e\000\040\000s\000i\000n\000g\000u\000l\000i\000\350\000r\000e\000\040\000e\000t\000\040\000c\000o\000h\000o\000m\000o\000l\000o\000g\000i\000e\000\040\000d\000e\000s\000\040\000f\000a\000i\000s\000c\000e\000a\000u\000x}{}% 1
\BOOKMARK [1][-]{section.0.2}{\376\377\000H\000o\000m\000o\000t\000o\000p\000i\000e\000,\000\040\000c\000o\000n\000n\000e\000x\000i\000t\000\351\000\040\000e\000t\000\040\000f\000a\000i\000s\000c\000e\000a\000u\000\040\000c\000o\000n\000s\000t\000a\000n\000t\000.}{}% 2
\BOOKMARK [1][-]{section.0.3}{\376\377\000C\000a\000d\000r\000e\000\040\000d\000e\000\040\000b\000a\000s\000e\000\040\000d\000e\000\040\000l\000'\000h\000o\000m\000o\000t\000o\000p\000i\000e}{}% 3
\BOOKMARK [0][-]{chapter.1}{\376\377\000C\000W\000-\000c\000o\000m\000p\000l\000e\000x\000e\000s}{}% 4
\BOOKMARK [0][-]{chapter.2}{\376\377\000G\000r\000o\000u\000p\000e\000s\000\040\000d\000'\000h\000o\000m\000o\000t\000o\000p\000i\000e\000s}{}% 5
\BOOKMARK [1][-]{section.2.1}{\376\377\000H\000o\000m\000o\000t\000o\000p\000i\000e\000s}{chapter.2}% 6
\BOOKMARK [2][-]{subsection.2.1.1}{\376\377\000D\000\351\000f\000s}{section.2.1}% 7
\BOOKMARK [2][-]{subsection.2.1.2}{\376\377\000\311\000t\000e\000n\000d\000r\000e\000\040\000S\0001\000\040\000e\000n\000\040\000B\0002\000,\000\040\000t\000o\000p\000o\000l\000o\000g\000i\000e\000\040\000q\000u\000o\000t\000i\000e\000n\000t\000\040\000e\000t\000\040\000f\000i\000n\000a\000l\000e\000.}{section.2.1}% 8
\BOOKMARK [2][-]{subsection.2.1.3}{\376\377\000L\000a\000\040\000c\000o\000n\000t\000i\000n\000u\000i\000t\000\351}{section.2.1}% 9
\BOOKMARK [1][-]{section.2.2}{\376\377\000G\000r\000o\000u\000p\000e\000\040\000f\000o\000n\000d\000a\000m\000e\000n\000t\000a\000l}{chapter.2}% 10
\BOOKMARK [2][-]{subsection.2.2.1}{\376\377\000H\000o\000m\000o\000t\000o\000p\000i\000e\000s\000\040\000d\000e\000\040\000c\000h\000e\000m\000i\000n\000s}{section.2.2}% 11
\BOOKMARK [2][-]{subsection.2.2.2}{\376\377\0001\000\040\000e\000s\000t\000\040\000u\000n\000\040\000g\000r\000o\000u\000p\000e}{section.2.2}% 12
\BOOKMARK [2][-]{subsection.2.2.3}{\376\377\000P\000r\000o\000p\000r\000i\000\351\000t\000\351\000s\000\040\000d\000u\000\040\000f\000o\000n\000c\000t\000e\000u\000r}{section.2.2}% 13
\BOOKMARK [1][-]{section.2.3}{\376\377\000H\000o\000m\000o\000t\000o\000p\000i\000e\000\040\000e\000t\000\040\0001}{chapter.2}% 14
\BOOKMARK [1][-]{section.2.4}{\376\377\000I\000n\000v\000a\000r\000i\000a\000n\000c\000e\000\040\000d\000e\000\040\0001}{chapter.2}% 15
\BOOKMARK [1][-]{section.2.5}{\376\377\000I\000n\000d\000i\000c\000e\000\040\000\340\000\040\000V\000a\000n\000\040\000K\000a\000m\000p\000e\000n}{chapter.2}% 16
\BOOKMARK [2][-]{subsection.2.5.1}{\376\377\000D\000\351\000c\000o\000u\000p\000e\000r\000\040\000d\000e\000s\000\040\000c\000h\000e\000m\000i\000n\000s}{section.2.5}% 17
\BOOKMARK [2][-]{subsection.2.5.2}{\376\377\000L\000e\000m\000m\000e}{section.2.5}% 18
\BOOKMARK [0][-]{chapter.3}{\376\377\000E\000x\000e\000m\000p\000l\000e\000s}{}% 19
\BOOKMARK [1][-]{section.3.1}{\376\377\000E\000x\000e\000m\000p\000l\000e\000s\000\040\000d\000e\000\040\000c\000o\000n\000t\000r\000a\000c\000t\000i\000o\000n\000s\000/\000r\000\351\000t\000r\000a\000c\000t\000i\000o\000n\000s}{chapter.3}% 20
\BOOKMARK [2][-]{subsection.3.1.1}{\376\377\000C\000o\000n\000v\000e\000x\000e\000\040\000m\000\351\000t\000r\000i\000q\000u\000e}{section.3.1}% 21
\BOOKMARK [2][-]{subsection.3.1.2}{\376\377\000n\000-\0001\000-\000s\000p\000h\000\350\000r\000e\000\040\000e\000t\000\040\000R\000n\000-\0000}{section.3.1}% 22
\BOOKMARK [2][-]{subsection.3.1.3}{\376\377\000T\000o\000r\000e\000\040\000p\000r\000i\000v\000\351\000\040\000d\000'\000u\000n\000\040\000p\000o\000i\000n\000t\000\040\000e\000t\000\040\000c\000e\000r\000c\000l\000e\000s}{section.3.1}% 23
\BOOKMARK [2][-]{subsection.3.1.4}{\376\377\000R\000u\000b\000a\000n\000\040\000d\000e\000\040\000m\000o\000e\000b\000i\000u\000s\000\040\000e\000t\000\040\000S\0001}{section.3.1}% 24
\BOOKMARK [1][-]{section.3.2}{\376\377\000P\000e\000i\000g\000n\000e\000,\000\040\000p\000a\000s\000\040\000d\000e\000\040\000r\000\351\000t\000r\000a\000c\000t\000\040\000p\000a\000r\000\040\000d\000\351\000f\000o\000r\000m\000a\000t\000i\000o\000n\000\040\000f\000o\000r\000t\000e}{chapter.3}% 25
\BOOKMARK [1][-]{section.3.3}{\376\377\000B\000o\000u\000q\000u\000e\000t\000\040\000d\000e\000\040\000n\000-\000S\000p\000h\000\350\000r\000e\000\040\000e\000t\000\040\000p\000l\000a\000n\000\040\000m\000o\000i\000n\000s\000\040\000n\000-\000p\000o\000i\000n\000t\000s}{chapter.3}% 26
\BOOKMARK [2][-]{subsection.3.3.1}{\376\377\000G\000r\000o\000u\000p\000e\000\040\000f\000o\000n\000d\000a\000m\000e\000n\000t\000a\000u\000x\000\040\000d\000e\000\040\000g\000r\000o\000u\000p\000e\000s\000\040\000t\000o\000p\000o\000l\000o\000g\000i\000q\000u\000e\000s}{section.3.3}% 27
\BOOKMARK [1][-]{section.3.4}{\376\377\000V\000a\000r\000i\000\351\000t\000\351\000s\000\040\000t\000o\000p\000o\000l\000o\000g\000i\000q\000u\000e\000s\000\040\000e\000t\000\040\000l\000o\000c\000a\000l\000e\000\040\000c\000o\000n\000t\000r\000a\000c\000t\000i\000l\000i\000t\000\351}{chapter.3}% 28
\BOOKMARK [0][-]{chapter.4}{\376\377\000R\000e\000v\000\352\000t\000e\000m\000e\000n\000t\000s}{}% 29
