\BOOKMARK [0][-]{chapter.1}{\376\377\000M\000o\000r\000p\000h\000i\000s\000m\000e\000s\000\040\000d\000'\000e\000s\000p\000a\000c\000e\000s\000\040\000l\000o\000c\000a\000l\000e\000m\000e\000n\000t\000\040\000a\000n\000n\000e\000l\000\351\000s}{}% 1
\BOOKMARK [1][-]{section.1.1}{\376\377\000L\000e\000\040\000c\000a\000s\000\040\000d\000e\000s\000\040\000k\000-\000a\000l\000g\000\350\000b\000r\000e\000\040\000d\000e\000\040\000t\000y\000p\000e\000\040\000f\000i\000n\000i}{chapter.1}% 2
\BOOKMARK [2][-]{subsection.1.1.1}{\376\377\000L\000e\000\040\000m\000o\000r\000p\000h\000i\000s\000m\000e\000\040\000s\000u\000r\000\040\000l\000e\000s\000\040\000f\000i\000b\000r\000e\000s}{section.1.1}% 3
\BOOKMARK [1][-]{section.1.2}{\376\377\000C\000o\000n\000s\000\351\000q\000u\000e\000n\000c\000e\000s}{chapter.1}% 4
\BOOKMARK [2][-]{subsection.1.2.1}{\376\377\000C\000a\000s\000\040\000a\000f\000f\000i\000n\000e}{section.1.2}% 5
\BOOKMARK [1][-]{section.1.3}{\376\377\000U\000t\000i\000l\000i\000s\000a\000t\000i\000o\000n\000\040\000d\000e\000\040\000l\000a\000\040\000c\000a\000r\000a\000c\000t\000\351\000r\000i\000s\000a\000t\000i\000o\000n\000\040\000f\000\050\000g\000\051\000=\000g\000f}{chapter.1}% 6
\BOOKMARK [2][-]{subsection.1.3.1}{\376\377\000V\000a\000r\000i\000\351\000t\000\351\000s\000\040\000a\000f\000f\000i\000n\000e\000s\000\040\000v\000e\000r\000s\000\040\000e\000s\000p\000a\000c\000e\000s\000\040\000l\000o\000c\000a\000l\000e\000m\000e\000n\000t\000\040\000a\000n\000n\000e\000l\000\351\000s}{section.1.3}% 7
\BOOKMARK [0][-]{chapter.2}{\376\377\000I\000m\000m\000e\000r\000s\000i\000o\000n\000s}{}% 8
\BOOKMARK [1][-]{section.2.1}{\376\377\000I\000m\000m\000e\000r\000s\000i\000o\000n\000s\000\040\000o\000u\000v\000e\000r\000t\000e\000s}{chapter.2}% 9
\BOOKMARK [1][-]{section.2.2}{\376\377\000I\000m\000m\000e\000r\000s\000i\000o\000n\000s\000\040\000f\000e\000r\000m\000\351\000e\000s}{chapter.2}% 10
\BOOKMARK [2][-]{subsection.2.2.1}{\376\377\000R\000a\000p\000p\000e\000l\000\040\000s\000u\000r\000\040\000f\000-\0001}{section.2.2}% 11
\BOOKMARK [2][-]{subsection.2.2.2}{\376\377\000\300\000\040\000f\000a\000i\000r\000e}{section.2.2}% 12
\BOOKMARK [2][-]{subsection.2.2.3}{\376\377\000\311\000t\000u\000d\000e\000\040\000d\000e\000\040\000l\000a\000\040\000d\000\351\000f}{section.2.2}% 13
\BOOKMARK [2][-]{subsection.2.2.4}{\376\377\000C\000a\000s\000\040\000a\000f\000f\000i\000n\000e}{section.2.2}% 14
\BOOKMARK [2][-]{subsection.2.2.5}{\376\377\000C\000a\000s\000\040\000d\000e\000s\000\040\000v\000a\000r\000i\000\351\000t\000\351\000s}{section.2.2}% 15
\BOOKMARK [2][-]{subsection.2.2.6}{\376\377\000A\000v\000e\000c\000\040\000l\000a\000\040\000d\000\351\000f\000i\000n\000i\000t\000i\000o\000n\000\040\000a\000f\000f\000i\000n\000e\000\040\000e\000t\000\040\000f\000a\000i\000s\000c\000e\000a\000u\000\040\000s\000u\000r\000j\000e\000c\000t\000i\000f}{section.2.2}% 16
\BOOKMARK [0][-]{chapter.3}{\376\377\000M\000o\000r\000p\000h\000i\000s\000m\000e\000s\000\040\000a\000f\000f\000i\000n\000e\000s}{}% 17
\BOOKMARK [1][-]{subsection.3.0.3}{\376\377\000C\000a\000s\000\040\000q\000u\000a\000s\000i\000-\000p\000r\000o\000j\000e\000c\000t\000i\000f}{chapter.3}% 18
\BOOKMARK [0][-]{chapter.4}{\376\377\000M\000o\000r\000p\000h\000i\000s\000m\000e\000s\000\040\000s\000\351\000p\000a\000r\000\351\000s}{}% 19
\BOOKMARK [1][-]{section.4.1}{\376\377\000U\000n\000\040\000c\000r\000i\000t\000\350\000r\000e}{chapter.4}% 20
\BOOKMARK [2][-]{subsection.4.1.1}{\376\377\000L\000i\000g\000n\000e\000\040\000\340\000\040\000d\000o\000u\000b\000l\000e\000\040\000p\000o\000i\000n\000t}{section.4.1}% 21
\BOOKMARK [1][-]{section.4.2}{\376\377\000I\000n\000t\000e\000r\000s\000e\000c\000t\000i\000o\000n\000s\000\040\000d\000'\000a\000f\000f\000i\000n\000e\000s\000\040\000e\000s\000t\000\040\000a\000f\000f\000i\000n\000e}{chapter.4}% 22
\BOOKMARK [1][-]{section.4.3}{\376\377\000S\000u\000r\000\040\000d\000e\000s\000\040\000k\000-\000s\000c\000h\000\351\000m\000a\000s}{chapter.4}% 23
\BOOKMARK [0][-]{chapter.5}{\376\377\000M\000o\000r\000p\000h\000i\000s\000m\000e\000s\000\040\000p\000r\000o\000p\000r\000e\000s}{}% 24
\BOOKMARK [1][-]{section.5.1}{\376\377\000L\000a\000\040\000l\000i\000g\000n\000e\000\040\000a\000\040\000p\000o\000i\000n\000t\000\040\000d\000o\000u\000b\000l\000e\000\040\000e\000s\000t\000\040\000u\000n\000i\000v\000e\000r\000s\000e\000l\000l\000e\000m\000e\000n\000t\000\040\000f\000e\000r\000m\000\351\000e\000\040\000m\000a\000i\000s\000\040\000p\000a\000s\000\040\000s\000\351\000p\000a\000r\000\351\000e}{chapter.5}% 25
\BOOKMARK [1][-]{section.5.2}{\376\377\000S\000i\000\040\000X\000Y\000\040\000e\000s\000t\000\040\000f\000i\000n\000i\000\040\000e\000t\000\040\000Y\000\040\000e\000s\000t\000\040\000p\000r\000o\000p\000r\000e\000\040\000a\000l\000o\000r\000s\000\040\000X\000\040\000e\000s\000t\000\040\000p\000r\000o\000p\000r\000e}{chapter.5}% 26
\BOOKMARK [1][-]{section.5.3}{\376\377\000C\000o\000n\000s\000\351\000q\000u\000e\000n\000c\000e\000\040\000d\000e\000\040\000l\000a\000\040\000p\000r\000o\000p\000r\000e\000t\000\351}{chapter.5}% 27
\BOOKMARK [0][-]{chapter.6}{\376\377\000M\000o\000r\000p\000h\000i\000s\000m\000e\000s\000\040\000f\000i\000n\000i\000s}{}% 28
\BOOKMARK [1][-]{section.6.1}{\376\377\000F\000i\000n\000i\000\040\000i\000m\000p\000l\000i\000q\000u\000e\000\040\000a\000f\000f\000i\000n\000e}{chapter.6}% 29
\BOOKMARK [1][-]{section.6.2}{\376\377\000S\000u\000r\000j\000e\000c\000t\000i\000v\000i\000t\000\351\000\040\000d\000e\000s\000\040\000m\000o\000r\000p\000h\000i\000s\000m\000e\000s\000\040\000f\000i\000n\000i\000s}{chapter.6}% 30
\BOOKMARK [1][-]{section.6.3}{\376\377\000T\000r\000o\000u\000v\000e\000r\000\040\000u\000n\000\040\000o\000u\000v\000e\000r\000t\000\040\000d\000a\000n\000s\000\040\000f\000\050\000X\000\051}{chapter.6}% 31
\BOOKMARK [1][-]{section.6.4}{\376\377\000P\000r\000o\000j\000e\000c\000t\000i\000o\000n\000s}{chapter.6}% 32
