\BOOKMARK [0][-]{chapter.1}{\376\377\000A\000n\000n\000u\000l\000a\000t\000e\000u\000r\000s\000\040\000e\000t\000\040\000i\000d\000\351\000a\000u\000x\000\040\000q\000u\000o\000t\000i\000e\000n\000t\000s}{}% 1
\BOOKMARK [1][-]{section.1.1}{\376\377\000A\000r\000g\000u\000m\000e\000n\000t\000s\000\040\000l\000o\000c\000a\000u\000x}{chapter.1}% 2
\BOOKMARK [0][-]{chapter.2}{\376\377\000B\000a\000l\000a\000d\000e\000s\000\040\000d\000a\000n\000s\000\040\000C\000o\000m\000R\000i\000n\000g}{}% 3
\BOOKMARK [1][-]{section.2.1}{\376\377\000L\000o\000c\000a\000l\000i\000s\000a\000t\000i\000o\000n\000\040\000e\000t\000\040\000c\000l\000o\000t\000u\000r\000e\000\040\000i\000n\000t\000\351\000g\000r\000a\000l\000e}{chapter.2}% 4
\BOOKMARK [2][-]{subsection.2.1.1}{\376\377\000S\000i\000\040\000A\000\040\000e\000s\000t\000\040\000i\000n\000t\000\351\000g\000r\000a\000l\000e\000m\000e\000n\000t\000\040\000c\000l\000o\000s}{section.2.1}% 5
\BOOKMARK [2][-]{subsection.2.1.2}{\376\377\000S\000i\000n\000o\000n}{section.2.1}% 6
\BOOKMARK [1][-]{section.2.2}{\376\377\000E\000x\000t\000e\000n\000s\000i\000o\000n\000s\000\040\000e\000n\000t\000i\000\350\000r\000e\000s\000\040\000o\000\371\000\040\000t\000r\000a\000n\000s\000m\000e\000t\000t\000r\000e\000\040\000l\000a\000\040\000d\000i\000m\000e\000n\000s\000i\000o\000n\000.}{chapter.2}% 7
\BOOKMARK [2][-]{subsection.2.2.1}{\376\377\000B\000a\000l\000a\000d\000e\000s}{section.2.2}% 8
\BOOKMARK [2][-]{subsection.2.2.2}{\376\377\000N\000o\000r\000m\000a\000l\000i\000s\000a\000t\000i\000o\000n}{section.2.2}% 9
\BOOKMARK [0][-]{chapter.3}{\376\377\000A\000l\000g\000\350\000b\000r\000e\000\040\000e\000n\000\040\000d\000i\000m\000e\000n\000s\000i\000o\000n\000\040\0001}{}% 10
\BOOKMARK [1][-]{section.3.1}{\376\377\000A\000n\000n\000e\000a\000u\000x\000\040\000d\000e\000\040\000v\000a\000l\000u\000a\000t\000i\000o\000n\000\040\000d\000i\000s\000c\000r\000\350\000t\000e}{chapter.3}% 11
\BOOKMARK [2][-]{subsection.3.1.1}{\376\377\000L\000e\000s\000\040\0002\000\040\000d\000\351\000f\000i\000n\000i\000t\000i\000o\000n\000s\000.}{section.3.1}% 12
\BOOKMARK [2][-]{subsection.3.1.2}{\376\377\000P\000r\000e\000m\000i\000\350\000r\000e\000\040\000c\000a\000r\000a\000c\000t\000\351\000r\000i\000s\000a\000t\000i\000o\000n}{section.3.1}% 13
\BOOKMARK [2][-]{subsection.3.1.3}{\376\377\000D\000e\000u\000x\000i\000\350\000m\000e\000\040\000c\000a\000r\000a\000c\000t\000\351\000r\000i\000s\000a\000t\000i\000o\000n}{section.3.1}% 14
\BOOKMARK [2][-]{subsection.3.1.4}{\376\377\000I\000d\000\351\000e\000s\000\040\000d\000e\000\040\000p\000r\000e\000u\000v\000e\000\040\000d\000e\000\040\000l\000a\000\040\000d\000e\000u\000x\000i\000\350\000m\000e\000\040\000c\000a\000r\000a\000c\000t\000\351\000r\000i\000s\000a\000t\000i\000o\000n\000.}{section.3.1}% 15
\BOOKMARK [2][-]{subsection.3.1.5}{\376\377\000P\000r\000e\000m\000i\000e\000r\000\040\000p\000o\000i\000n\000t}{section.3.1}% 16
\BOOKMARK [2][-]{subsection.3.1.6}{\376\377\000S\000e\000c\000o\000n\000d\000\040\000p\000o\000i\000n\000t}{section.3.1}% 17
\BOOKMARK [2][-]{subsection.3.1.7}{\376\377\000N\000o\000t\000e\000s}{section.3.1}% 18
\BOOKMARK [2][-]{subsection.3.1.8}{\376\377\000B\000u\000t\000\040\000d\000e\000\040\000c\000e\000s\000\040\000c\000a\000r\000a\000c\000t\000\351\000r\000i\000s\000a\000t\000i\000o\000n\000s}{section.3.1}% 19
\BOOKMARK [1][-]{section.3.2}{\376\377\000I\000d\000\351\000a\000u\000x\000\040\000f\000r\000a\000c\000t\000i\000o\000n\000n\000a\000i\000r\000e\000s}{chapter.3}% 20
\BOOKMARK [1][-]{section.3.3}{\376\377\000A\000n\000n\000e\000a\000u\000x\000\040\000d\000e\000\040\000D\000e\000d\000e\000k\000i\000n\000d}{chapter.3}% 21
\BOOKMARK [2][-]{subsection.3.3.1}{\376\377\000T\000o\000u\000t\000\040\000l\000e\000s\000\040\000A\000p\000\040\000s\000o\000n\000t\000\040\000d\000e\000s\000\040\000D\000V\000R\000\040\000i\000m\000p\000l\000i\000q\000u\000e\000\040\000d\000e\000\040\000D\000e\000d\000e\000k\000i\000n\000d\000.\000\040\000\050\000i\000n\000s\000t\000r\000u\000c\000t\000i\000f\000\051}{section.3.3}% 22
\BOOKMARK [2][-]{subsection.3.3.2}{\376\377\000R\000e\000l\000e\000v\000e\000r\000\040\000l\000'\000i\000n\000v\000e\000r\000s\000i\000b\000i\000l\000i\000t\000\351\000\040\000p\000o\000u\000r\000\040\000l\000e\000s\000\040\000p\000r\000e\000m\000i\000e\000r\000s}{section.3.3}% 23
\BOOKMARK [2][-]{subsection.3.3.3}{\376\377\000S\000p\000e\000c\000\050\000A\000\051\000\040\000e\000s\000t\000\040\000d\000e\000\040\000d\000i\000m\000e\000n\000s\000i\000o\000n\000\040\0001\000,\000\040\000i\000.\000e\000.\000\040\000V\000\050\000I\000\051\000\040\000e\000s\000t\000\040\000f\000i\000n\000i\000\040\000p\000o\000u\000r\000\040\000I\000=\000\050\0000\000\051\000.}{section.3.3}% 24
\BOOKMARK [2][-]{subsection.3.3.4}{\376\377\000V\000a\000l\000u\000a\000t\000i\000o\000n\000s\000\040\000e\000t\000\040\000d\000\351\000c\000o\000m\000p\000o\000s\000i\000t\000i\000o\000n}{section.3.3}% 25
\BOOKMARK [2][-]{subsection.3.3.5}{\376\377\000R\000e\000l\000e\000v\000e\000r\000\040\000l\000'\000i\000n\000v\000e\000r\000s\000i\000b\000i\000l\000i\000t\000\351\000\040\000e\000n\000\040\000g\000\351\000n\000\351\000r\000a\000l}{section.3.3}% 26
\BOOKMARK [2][-]{subsection.3.3.6}{\376\377\000D\000\351\000c\000o\000m\000p\000o\000s\000i\000t\000i\000o\000n\000\040\000e\000n\000\040\000i\000d\000\351\000a\000u\000x}{section.3.3}% 27
