\BOOKMARK [0][-]{chapter.1}{\376\377\000G\000r\000o\000u\000p\000e\000s\000\040\000l\000i\000b\000r\000e\000s\000\040\000e\000t\000\040\000c\000o\000l\000i\000m\000i\000t\000e\000s}{}% 1
\BOOKMARK [1][-]{section.1.1}{\376\377\000P\000r\000o\000p\000r\000i\000\351\000t\000\351\000\040\000u\000n\000i\000v\000e\000r\000s\000e\000l\000l\000e\000\040\000o\000u\000\040\000a\000d\000j\000o\000n\000c\000t\000i\000o\000n\000\040\000?}{chapter.1}% 2
\BOOKMARK [1][-]{section.1.2}{\376\377\000C\000o\000n\000s\000t\000r\000u\000c\000t\000i\000o\000n\000\040\000d\000e\000\040\000L\000\050\000S\000\051}{chapter.1}% 3
\BOOKMARK [1][-]{section.1.3}{\376\377\000C\000o\000l\000i\000m\000i\000t\000e\000s\000\040\000d\000e\000\040\000g\000r\000o\000u\000p\000e\000s}{chapter.1}% 4
\BOOKMARK [1][-]{section.1.4}{\376\377\000R\000e\000m\000a\000r\000q\000u\000e}{chapter.1}% 5
\BOOKMARK [0][-]{chapter.2}{\376\377\000S\000o\000m\000m\000e\000s\000\040\000a\000m\000a\000l\000g\000a\000m\000\351\000e\000s\000\040\000e\000t\000\040\000a\000r\000b\000r\000e\000s}{}% 6
\BOOKMARK [1][-]{section.2.1}{\376\377\000S\000o\000m\000m\000e\000\040\000a\000m\000a\000l\000g\000a\000m\000\351\000e\000\040\000\340\000\040\000d\000e\000u\000x\000\040\000\351\000l\000\351\000m\000e\000n\000t\000s}{chapter.2}% 7
\BOOKMARK [1][-]{section.2.2}{\376\377\000E\000x\000e\000m\000p\000l\000e}{chapter.2}% 8
\BOOKMARK [1][-]{section.2.3}{\376\377\000S\000o\000m\000m\000e\000\040\000a\000m\000a\000l\000g\000a\000m\000\351\000e\000\040\000g\000\351\000n\000\351\000r\000a\000l\000e}{chapter.2}% 9
\BOOKMARK [2][-]{subsection.2.3.1}{\376\377\000M\000o\000t\000s\000\040\000r\000\351\000d\000u\000i\000t\000s}{section.2.3}% 10
\BOOKMARK [2][-]{subsection.2.3.2}{\376\377\000T\000h\000\351\000o\000r\000\350\000m\000e}{section.2.3}% 11
\BOOKMARK [2][-]{subsection.2.3.3}{\376\377\000U\000n\000i\000c\000i\000t\000\351}{section.2.3}% 12
\BOOKMARK [2][-]{subsection.2.3.4}{\376\377\000E\000x\000i\000s\000t\000e\000n\000c\000e}{section.2.3}% 13
\BOOKMARK [1][-]{section.2.4}{\376\377\000D\000e\000s\000c\000r\000i\000p\000t\000i\000o\000n\000\040\000s\000y\000s\000t\000\351\000m\000a\000t\000i\000q\000u\000e}{chapter.2}% 14
\BOOKMARK [2][-]{subsection.2.4.1}{\376\377\000N\000o\000u\000v\000e\000a\000u\000\040\000r\000\351\000s\000u\000m\000\351}{section.2.4}% 15
\BOOKMARK [1][-]{section.2.5}{\376\377\000L\000o\000n\000g\000u\000e\000u\000r\000s\000\040\000d\000e\000\040\000m\000o\000t\000s\000\040\000e\000t\000\040\000a\000p\000p\000l\000i\000c\000a\000t\000i\000o\000n\000s\000\040\000d\000u\000\040\000t\000h\000\351\000o\000r\000\350\000m\000e}{chapter.2}% 16
\BOOKMARK [2][-]{subsection.2.5.1}{\376\377\000C\000y\000c\000l\000i\000q\000u\000e\000m\000e\000n\000t\000\040\000r\000\351\000d\000u\000i\000t\000\040\000e\000t\000\040\000o\000r\000d\000r\000e}{section.2.5}% 17
\BOOKMARK [1][-]{section.2.6}{\376\377\000S\000o\000u\000s\000\040\000s\000o\000m\000m\000e\000\040\000a\000m\000a\000l\000g\000a\000m\000\351\000e\000s}{chapter.2}% 18
\BOOKMARK [2][-]{subsection.2.6.1}{\376\377\000C\000o\000n\000s\000\351\000q\000u\000e\000n\000c\000e\000\040\000:\000\040\000p\000r\000o\000d\000u\000i\000t\000\040\000l\000i\000b\000r\000e\000\040\000e\000t\000\040\000p\000r\000o\000d\000u\000i\000t\000\040\000a\000b\000\351\000l\000i\000e\000n\000\040\000l\000i\000b\000r\000e\000.}{section.2.6}% 19
\BOOKMARK [2][-]{subsection.2.6.2}{\376\377\000C\000o\000n\000s\000\351\000q\000u\000e\000n\000c\000e\000\040\000m\000a\000r\000r\000a\000n\000t\000e}{section.2.6}% 20
