\BOOKMARK [0][-]{chapter.1}{\376\377\000E\000x\000t\000e\000n\000s\000i\000o\000n\000\040\000v\000i\000a\000\040\000l\000e\000s\000\040\000c\000o\000m\000p\000l\000\351\000t\000i\000o\000n\000s\000\040\000:\000\040\000c\000a\000s\000\040\000u\000l\000t\000r\000a\000m\000\351\000t\000r\000i\000q\000u\000e}{}% 1
\BOOKMARK [1][-]{section.1.1}{\376\377\000U\000n\000i\000c\000i\000t\000\351\000\040\000s\000u\000r\000\040\000\050\000\051\000c}{chapter.1}% 2
\BOOKMARK [2][-]{subsection.1.1.1}{\376\377\000E\000x\000t\000e\000n\000s\000i\000o\000n\000\040\000p\000o\000u\000r\000\040\000l\000e\000s\000\040\000c\000o\000r\000p\000s\000\040\000c\000o\000m\000p\000l\000e\000t\000s}{section.1.1}% 3
\BOOKMARK [2][-]{subsection.1.1.2}{\376\377\000D\000\351\000t\000a\000i\000l\000s}{section.1.1}% 4
\BOOKMARK [2][-]{subsection.1.1.3}{\376\377\000P\000a\000s\000s\000e\000r\000\040\000\340\000\040\000l\000a\000\040\000c\000l\000\364\000t\000u\000r\000e\000\040\000a\000l\000g\000\351\000b\000r\000i\000q\000u\000e}{section.1.1}% 5
\BOOKMARK [1][-]{section.1.2}{\376\377\000E\000x\000t\000e\000n\000s\000i\000o\000n\000s\000\040\000e\000n\000\040\000g\000\351\000n\000\351\000r\000a\000l\000\040\000p\000a\000r\000\040\000p\000l\000o\000n\000g\000e\000m\000e\000n\000t\000s}{chapter.1}% 6
\BOOKMARK [2][-]{subsection.1.2.1}{\376\377\000D\000e\000u\000x\000i\000\350\000m\000e\000\040\000m\000a\000n\000i\000\350\000r\000e}{section.1.2}% 7
\BOOKMARK [1][-]{section.1.3}{\376\377\000E\000x\000t\000e\000n\000s\000i\000o\000n\000s\000\040\000e\000n\000\040\000g\000\351\000n\000\351\000r\000a\000l\000\040\000v\000i\000a\000\040\000l\000e\000s\000\040\000i\000d\000\351\000a\000u\000x\000\040\000m\000a\000x\000i\000m\000a\000u\000x\000\040\000d\000e\000\040\000L\000K\000\040\000\050\000t\000o\000p\000o\000l\000o\000g\000i\000e\000\051}{chapter.1}% 8
\BOOKMARK [2][-]{subsection.1.3.1}{\376\377\000\300\000\040\000r\000e\000g\000a\000r\000d\000e\000r}{section.1.3}% 9
\BOOKMARK [2][-]{subsection.1.3.2}{\376\377\000I\000n\000t\000e\000r\000p\000r\000\351\000t\000a\000t\000i\000o\000n\000\040\000:\000\040\000p\000o\000u\000r\000q\000u\000o\000i\000\040\000o\000n\000\040\000a\000\040\000p\000a\000s\000\040\000L\000i\000B\000L}{section.1.3}% 10
\BOOKMARK [1][-]{section.1.4}{\376\377\000C\000a\000l\000c\000u\000l\000\040\000p\000a\000r\000\040\000l\000a\000\040\000d\000e\000u\000x\000i\000\350\000m\000e\000\040\000v\000e\000r\000s\000i\000o\000n}{chapter.1}% 11
\BOOKMARK [2][-]{subsection.1.4.1}{\376\377\000L\000i\000e\000n\000\040\000a\000v\000e\000c\000\040\000l\000a\000\040\000r\000a\000m\000i\000f\000i\000c\000a\000t\000i\000o\000n}{section.1.4}% 12
\BOOKMARK [0][-]{chapter.2}{\376\377\000C\000a\000s\000\040\000a\000r\000c\000h\000i\000m\000\351\000d\000i\000e\000n}{}% 13
\BOOKMARK [1][-]{section.2.1}{\376\377\000C\000a\000s\000\040\000c\000o\000m\000p\000l\000e\000t}{chapter.2}% 14
\BOOKMARK [1][-]{section.2.2}{\376\377\000E\000n\000\040\000g\000\351\000n\000\351\000r\000a\000l}{chapter.2}% 15
\BOOKMARK [0][-]{chapter.3}{\376\377\000E\000x\000t\000e\000n\000s\000i\000o\000n\000\040\000p\000a\000r\000\040\000l\000e\000s\000\040\000a\000n\000n\000e\000a\000u\000x\000\040\000d\000e\000\040\000v\000a\000l\000u\000a\000t\000i\000o\000n\000s\000\040\000d\000i\000s\000c\000r\000\350\000t\000e\000s}{}% 16
\BOOKMARK [1][-]{section.3.1}{\376\377\000E\000x\000t\000e\000n\000s\000i\000o\000n\000s\000\040\000p\000a\000r\000\040\000l\000e\000s\000\040\000i\000d\000\351\000a\000u\000x\000\040\000m\000a\000x\000i\000m\000a\000u\000x}{chapter.3}% 17
\BOOKMARK [1][-]{section.3.2}{\376\377\000I\000d\000\351\000a\000l\000\040\000m\000a\000x\000i\000m\000a\000l\000\040\000a\000s\000s\000o\000c\000i\000\351\000\040\000\340\000\040\000u\000n\000e\000\040\000v\000a\000l\000u\000a\000t\000i\000o\000n}{chapter.3}% 18
\BOOKMARK [0][-]{chapter.4}{\376\377\000R\000e\000m\000a\000r\000q\000u\000e\000s}{}% 19
\BOOKMARK [1][-]{section.4.1}{\376\377\000C\000a\000s\000\040\000p\000r\000i\000m\000i\000t\000i\000f\000\040\000L\000=\000K\000[\000]\000,\000\040\000l\000'\000e\000x\000t\000e\000n\000s\000i\000o\000n}{chapter.4}% 20
\BOOKMARK [1][-]{section.4.2}{\376\377\000C\000a\000s\000\040\000p\000r\000i\000m\000i\000t\000i\000f\000\040\000L\000=\000K\000[\000]\000\040\000e\000t\000\040\000m\000o\000n\000o\000g\000\350\000n\000e\000\040\000K\000=\000O\000K\000[\000]\000,\000\040\000l\000'\000e\000x\000t\000e\000n\000s\000i\000o\000n\000\040\000r\000\351\000s\000i\000d\000u\000e\000l\000l\000e}{chapter.4}% 21
