\BOOKMARK [0][-]{chapter.1}{\376\377\000C\000W\000-\000c\000o\000m\000p\000l\000e\000x\000e\000s}{}% 1
\BOOKMARK [1][-]{section.1.1}{\376\377\000C\000o\000n\000s\000t\000r\000u\000c\000t\000i\000o\000n\000\040\000r\000e\000l\000a\000t\000i\000v\000e}{chapter.1}% 2
\BOOKMARK [2][-]{subsection.1.1.1}{\376\377\000V\000o\000c\000a\000b\000u\000l\000a\000i\000r\000e}{section.1.1}% 3
\BOOKMARK [2][-]{subsection.1.1.2}{\376\377\000D\000\351\000c\000o\000m\000p\000o\000s\000i\000t\000i\000o\000n\000\040\000c\000e\000l\000l\000u\000l\000a\000i\000r\000e\000\040\000r\000e\000l\000a\000t\000i\000v\000e}{section.1.1}% 4
\BOOKMARK [2][-]{subsection.1.1.3}{\376\377\000D\000\351\000t\000a\000i\000l}{section.1.1}% 5
\BOOKMARK [2][-]{subsection.1.1.4}{\376\377\000S\000e\000\040\000r\000a\000m\000e\000n\000e\000r\000\040\000a\000u\000\040\000b\000o\000u\000q\000u\000e\000t}{section.1.1}% 6
\BOOKMARK [1][-]{section.1.2}{\376\377\000C\000o\000n\000s\000t\000r\000u\000c\000t\000i\000o\000n\000\040\000p\000a\000r\000\040\000l\000e\000\040\000s\000q\000u\000e\000l\000e\000t\000t\000e}{chapter.1}% 7
\BOOKMARK [2][-]{subsection.1.2.1}{\376\377\000S\000e\000\040\000r\000a\000m\000e\000n\000e\000r\000\040\000a\000u\000\040\000b\000o\000u\000q\000u\000e\000t\000,\000\040\000p\000a\000r\000t\000i\000e\000\040\0002}{section.1.2}% 8
\BOOKMARK [2][-]{subsection.1.2.2}{\376\377\000S\000\351\000p\000a\000r\000a\000t\000i\000o\000n\000\040\000e\000t\000\040\000l\000o\000c\000a\000l\000e\000\040\000c\000o\000n\000t\000r\000a\000c\000t\000i\000l\000i\000t\000\351\000.}{section.1.2}% 9
\BOOKMARK [2][-]{subsection.1.2.3}{\376\377\000C\000o\000m\000p\000a\000c\000i\000t\000\351\000\040\000d\000e\000s\000\040\000C\000W\000-\000c\000o\000m\000p\000l\000e\000x\000e\000s\000\040\000f\000i\000n\000i\000s}{section.1.2}% 10
\BOOKMARK [1][-]{section.1.3}{\376\377\000G\000r\000o\000u\000p\000e\000s\000\040\000f\000o\000n\000d\000a\000m\000e\000n\000t\000a\000u\000x\000\040\000d\000e\000\040\000C\000W\000-\000c\000o\000m\000p\000l\000e\000x\000e\000s}{chapter.1}% 11
\BOOKMARK [2][-]{subsection.1.3.1}{\376\377\000C\000o\000m\000p\000a\000c\000t\000s\000\040\000e\000t\000\040\000s\000o\000u\000s\000\040\000C\000W\000-\000c\000o\000m\000p\000l\000e\000x\000e\000s\000\040\000f\000i\000n\000i\000s\000.}{section.1.3}% 12
\BOOKMARK [2][-]{subsection.1.3.2}{\376\377\000C\000o\000r\000o\000l\000l\000a\000i\000r\000e}{section.1.3}% 13
\BOOKMARK [1][-]{section.1.4}{\376\377\000V\000a\000n\000\040\000K\000a\000m\000p\000e\000n\000\040\000s\000u\000r\000\040\000l\000e\000s\000\040\000C\000W\000-\000c\000o\000m\000p\000l\000e\000x\000e\000s}{chapter.1}% 14
\BOOKMARK [2][-]{subsection.1.4.1}{\376\377\000L\000e\000m\000m\000e}{section.1.4}% 15
\BOOKMARK [2][-]{subsection.1.4.2}{\376\377\000P\000r\000e\000u\000v\000e}{section.1.4}% 16
\BOOKMARK [1][-]{section.1.5}{\376\377\000R\000e\000m\000a\000r\000q\000u\000e\000s\000\040\000s\000u\000r\000\040\000l\000a\000\040\000t\000o\000p\000o\000l\000o\000g\000i\000e}{chapter.1}% 17
\BOOKMARK [2][-]{subsection.1.5.1}{\376\377\000U\000n\000i\000o\000n\000\040\000d\000i\000s\000j\000o\000i\000n\000t\000e\000\040\000d\000e\000\040\000c\000e\000l\000l\000u\000l\000e\000s\000\040\000o\000u\000v\000e\000r\000t\000e\000s}{section.1.5}% 18
\BOOKMARK [2][-]{subsection.1.5.2}{\376\377\000C\000o\000m\000p\000a\000c\000t\000s\000\040\000e\000t\000\040\000s\000o\000u\000s\000-\000C\000W\000-\000c\000o\000m\000p\000l\000e\000x\000e\000s}{section.1.5}% 19
\BOOKMARK [0][-]{chapter.2}{\376\377\000G\000r\000a\000p\000h\000e\000s}{}% 20
\BOOKMARK [1][-]{section.2.1}{\376\377\000D\000\351\000f\000i\000n\000i\000t\000i\000o\000n\000s}{chapter.2}% 21
\BOOKMARK [1][-]{section.2.2}{\376\377\000G\000r\000o\000u\000p\000e\000\040\000f\000o\000n\000d\000a\000m\000e\000n\000t\000a\000l\000\040\000d\000'\000u\000n\000\040\000g\000r\000a\000p\000h\000e}{chapter.2}% 22
\BOOKMARK [2][-]{subsection.2.2.1}{\376\377\000L\000i\000m\000i\000t\000e\000s\000\040\000d\000e\000\040\000g\000r\000o\000u\000p\000e\000s\000\040\000l\000i\000b\000r\000e\000s}{section.2.2}% 23
\BOOKMARK [2][-]{subsection.2.2.2}{\376\377\000A\000r\000b\000r\000e\000s}{section.2.2}% 24
\BOOKMARK [2][-]{subsection.2.2.3}{\376\377\000G\000r\000o\000u\000p\000e\000\040\000f\000o\000n\000d\000a\000m\000e\000n\000t\000a\000l\000\040\000d\000'\000u\000n\000\040\000g\000r\000a\000p\000h\000e}{section.2.2}% 25
\BOOKMARK [2][-]{subsection.2.2.4}{\376\377\000c\000\050\000X\000\051\000=\0001\000-\000\050\000X\000\051\000,\000\040\000r\000k\000\050\0001\000\050\000X\000,\000x\000\051\000\051\000=\000c\000\050\000X\000\051}{section.2.2}% 26
\BOOKMARK [1][-]{section.2.3}{\376\377\000A\000p\000p\000l\000i\000c\000a\000t\000i\000o\000n\000\040\000d\000e\000s\000\040\000g\000r\000a\000p\000h\000e\000s\000\040\000a\000u\000x\000\040\000g\000r\000o\000u\000p\000e\000s\000\040\000f\000o\000n\000d\000a\000m\000e\000n\000t\000a\000u\000x\000\040\000d\000e\000\040\000C\000W\000-\000c\000o\000m\000p\000l\000e\000x\000e\000s}{chapter.2}% 27
\BOOKMARK [1][-]{section.2.4}{\376\377\000A\000p\000p\000l\000i\000c\000a\000t\000i\000o\000n\000s\000\040\000e\000n\000\040\000t\000h\000\351\000o\000r\000i\000e\000\040\000d\000e\000s\000\040\000g\000r\000o\000u\000p\000e\000s}{chapter.2}% 28
\BOOKMARK [2][-]{subsection.2.4.1}{\376\377\000S\000o\000u\000s\000\040\000g\000r\000o\000u\000p\000e\000s\000\040\000d\000e\000s\000\040\000g\000r\000o\000u\000p\000e\000s\000\040\000l\000i\000b\000r\000e\000s}{section.2.4}% 29
