\BOOKMARK [1][-]{section.0.1}{\376\377\000C\000a\000d\000r\000e}{}% 1
\BOOKMARK [1][-]{section.0.2}{\376\377\000C\000o\000n\000s\000t\000r\000u\000c\000t\000i\000o\000n}{}% 2
\BOOKMARK [1][-]{section.0.3}{\376\377\000P\000r\000o\000p\000r\000i\000\351\000t\000\351\000\040\000u\000n\000i\000v\000e\000r\000s\000e\000l\000l\000e}{}% 3
\BOOKMARK [1][-]{section.0.4}{\376\377\000C\000o\000d\000i\000a\000g\000o\000n\000a\000l\000e\000,\000\040\000o\000u\000\040\000p\000a\000s}{}% 4
\BOOKMARK [1][-]{section.0.5}{\376\377\000E\000x\000a\000c\000t\000i\000t\000u\000d\000e}{}% 5
\BOOKMARK [1][-]{section.0.6}{\376\377\000P\000r\000o\000d\000u\000i\000t\000s\000\040\000d\000e\000\040\000c\000o\000r\000p\000s}{}% 6
\BOOKMARK [1][-]{section.0.7}{\376\377\000P\000r\000o\000d\000u\000i\000t\000s\000\040\000d\000'\000a\000l\000g\000\350\000b\000r\000e\000s}{}% 7
\BOOKMARK [2][-]{subsection.0.7.1}{\376\377\000P\000o\000l\000y\000n\000o\000m\000e\000s}{section.0.7}% 8
\BOOKMARK [2][-]{subsection.0.7.2}{\376\377\000N\000o\000u\000v\000e\000l\000l\000e\000\040\000c\000o\000n\000d\000i\000t\000i\000o\000n\000s\000\040\000p\000o\000u\000r\000\040\000a\000b\000=\0000}{section.0.7}% 9
\BOOKMARK [1][-]{section.0.8}{\376\377\000R\000e\000m\000a\000r\000q\000u\000e\000s}{}% 10
\BOOKMARK [2][-]{subsection.0.8.1}{\376\377\000"\000O\000n\000\040\000p\000e\000r\000d\000"}{section.0.8}% 11
\BOOKMARK [2][-]{subsection.0.8.2}{\376\377\000\307\000a\000\040\000f\000o\000r\000c\000e\000\040\000l\000a\000\040\000d\000i\000m\000e\000n\000s\000i\000o\000n\000\040\000\340\000\040\000a\000u\000g\000m\000e\000n\000t\000e\000r\000!}{section.0.8}% 12
\BOOKMARK [1][-]{section.0.9}{\376\377\000R\000\351\000s\000u\000m\000\351}{}% 13
\BOOKMARK [2][-]{subsection.0.9.1}{\376\377\000M\000\352\000m\000e\000\040\000d\000\351\000f\000i\000n\000i\000t\000i\000o\000n\000s}{section.0.9}% 14
\BOOKMARK [2][-]{subsection.0.9.2}{\376\377\000D\000e\000u\000x\000\040\000p\000r\000o\000p\000r\000i\000\351\000t\000\351\000s\000\040\000u\000n\000i\000v\000e\000r\000s\000e\000l\000l\000e\000s}{section.0.9}% 15
\BOOKMARK [0][-]{chapter.1}{\376\377\000R\000e\000v\000i\000s\000i\000t\000e}{}% 16
\BOOKMARK [1][-]{section.1.1}{\376\377\000C\000o\000n\000s\000t\000r\000u\000c\000t\000i\000o\000n}{chapter.1}% 17
\BOOKMARK [1][-]{section.1.2}{\376\377\000F\000a\000m\000i\000l\000l\000e\000s\000\040\000g\000\351\000n\000\351\000r\000a\000t\000r\000i\000c\000e\000s\000\040\000e\000t\000\040\000l\000i\000b\000r\000e\000s}{chapter.1}% 18
\BOOKMARK [1][-]{section.1.3}{\376\377\000T\000e\000c\000h\000n\000i\000q\000u\000e\000s}{chapter.1}% 19
\BOOKMARK [2][-]{subsection.1.3.1}{\376\377\000R\000/\000I\000M}{section.1.3}% 20
\BOOKMARK [2][-]{subsection.1.3.2}{\376\377\000D\000i\000f\000f\000\351\000r\000e\000n\000t\000s\000\040\000m\000o\000r\000p\000h\000i\000s\000m\000e\000s\000\040\000M\000N}{section.1.3}% 21
