\BOOKMARK [0][-]{chapter.1}{\376\377\000A\000n\000n\000e\000a\000u\000x\000\040\000d\000e\000\040\000v\000a\000l\000u\000a\000t\000i\000o\000n\000\040\000d\000i\000s\000c\000r\000\350\000t\000e\000\040\000e\000t\000\040\000d\000e\000\040\000D\000e\000d\000e\000k\000i\000n\000d\000.}{}% 1
\BOOKMARK [1][-]{section.1.1}{\376\377\000A\000n\000n\000e\000a\000u\000x\000\040\000d\000e\000\040\000v\000a\000l\000u\000a\000t\000i\000o\000n\000\040\000d\000i\000s\000c\000r\000\350\000t\000e}{chapter.1}% 2
\BOOKMARK [2][-]{subsection.1.1.1}{\376\377\000L\000e\000s\000\040\0002\000\040\000d\000\351\000f\000i\000n\000i\000t\000i\000o\000n\000s\000.}{section.1.1}% 3
\BOOKMARK [2][-]{subsection.1.1.2}{\376\377\000P\000r\000e\000m\000i\000\350\000r\000e\000\040\000c\000a\000r\000a\000c\000t\000\351\000r\000i\000s\000a\000t\000i\000o\000n}{section.1.1}% 4
\BOOKMARK [2][-]{subsection.1.1.3}{\376\377\000D\000e\000u\000x\000i\000\350\000m\000e\000\040\000c\000a\000r\000a\000c\000t\000\351\000r\000i\000s\000a\000t\000i\000o\000n}{section.1.1}% 5
\BOOKMARK [2][-]{subsection.1.1.4}{\376\377\000R\000\351\000s\000u\000m\000\351\000\040\000d\000e\000\040\000p\000r\000e\000u\000v\000e}{section.1.1}% 6
\BOOKMARK [2][-]{subsection.1.1.5}{\376\377\000B\000u\000t\000\040\000d\000e\000\040\000c\000e\000s\000\040\000c\000a\000r\000a\000c\000t\000\351\000r\000i\000s\000a\000t\000i\000o\000n\000s}{section.1.1}% 7
\BOOKMARK [1][-]{section.1.2}{\376\377\000A\000n\000n\000e\000a\000u\000x\000\040\000d\000e\000\040\000D\000e\000d\000e\000k\000i\000n\000d}{chapter.1}% 8
\BOOKMARK [2][-]{subsection.1.2.1}{\376\377\000R\000e\000l\000e\000v\000e\000r\000\040\000l\000'\000i\000n\000v\000e\000r\000s\000i\000b\000i\000l\000i\000t\000\351\000\040\000p\000o\000u\000r\000\040\000l\000e\000s\000\040\000p\000r\000e\000m\000i\000e\000r\000s}{section.1.2}% 9
\BOOKMARK [2][-]{subsection.1.2.2}{\376\377\000S\000p\000e\000c\000\050\000A\000\051\000\040\000e\000s\000t\000\040\000d\000e\000\040\000d\000i\000m\000e\000n\000s\000i\000o\000n\000\040\0001\000,\000\040\000i\000.\000e\000.\000\040\000V\000\050\000I\000\051\000\040\000e\000s\000t\000\040\000f\000i\000n\000i\000\040\000p\000o\000u\000r\000\040\000I\000=\000\050\0000\000\051\000.}{section.1.2}% 10
\BOOKMARK [2][-]{subsection.1.2.3}{\376\377\000V\000a\000l\000u\000a\000t\000i\000o\000n\000s\000\040\000e\000t\000\040\000d\000\351\000c\000o\000m\000p\000o\000s\000i\000t\000i\000o\000n}{section.1.2}% 11
\BOOKMARK [2][-]{subsection.1.2.4}{\376\377\000R\000e\000l\000e\000v\000e\000r\000\040\000l\000'\000i\000n\000v\000e\000r\000s\000i\000b\000i\000l\000i\000t\000\351\000\040\000e\000n\000\040\000g\000\351\000n\000\351\000r\000a\000l}{section.1.2}% 12
\BOOKMARK [2][-]{subsection.1.2.5}{\376\377\000D\000\351\000c\000o\000m\000p\000o\000s\000i\000t\000i\000o\000n\000\040\000e\000n\000\040\000i\000d\000\351\000a\000u\000x}{section.1.2}% 13
\BOOKMARK [0][-]{chapter.2}{\376\377\000E\000x\000t\000e\000n\000s\000i\000o\000n\000s\000\040\000d\000'\000a\000n\000n\000e\000a\000u\000x\000\040\000d\000e\000\040\000D\000e\000d\000e\000k\000i\000n\000d}{}% 14
\BOOKMARK [1][-]{section.2.1}{\376\377\000L\000e\000\040\000c\000a\000d\000r\000e\000\040\000g\000\351\000n\000\351\000r\000a\000l}{chapter.2}% 15
\BOOKMARK [1][-]{section.2.2}{\376\377\000\311\000s\000t\000h\000\351\000t\000i\000q\000u\000e\000\040\000d\000e\000s\000\040\000a\000n\000n\000e\000a\000u\000x\000\040\000d\000e\000\040\000D\000e\000d\000e\000k\000i\000n\000d}{chapter.2}% 16
\BOOKMARK [1][-]{section.2.3}{\376\377\000L\000e\000s\000\040\000p\000o\000i\000n\000t\000s\000\040\000o\000m\000i\000s}{chapter.2}% 17
\BOOKMARK [1][-]{section.2.4}{\376\377\000Q\000u\000a\000n\000d\000\040\000e\000s\000t\000-\000c\000e\000\040\000q\000u\000e\000\040\000K\000\040\000e\000s\000t\000\040\000m\000o\000n\000o\000g\000\350\000n\000e\000\040\000s\000u\000r\000\040\000O\000K\000?}{chapter.2}% 18
\BOOKMARK [1][-]{section.2.5}{\376\377\000L\000'\000\351\000t\000u\000d\000e\000\040\000d\000u\000\040\000c\000a\000s\000\040\000c\000o\000m\000p\000l\000e\000t}{chapter.2}% 19
\BOOKMARK [1][-]{section.2.6}{\376\377\000Q\000u\000a\000n\000d\000\040\000e\000s\000t\000-\000c\000e\000\040\000q\000u\000e\000\040\000K\000\040\000e\000s\000t\000\040\000n\000o\000e\000t\000h\000\351\000r\000i\000e\000n\000\040\000?}{chapter.2}% 20
\BOOKMARK [2][-]{subsection.2.6.1}{\376\377\000C\000a\000s\000\040\000s\000\351\000p\000a\000r\000a\000b\000l\000e}{section.2.6}% 21
